29/10/2007, 20:17:19, 4, 0, C:\MARCELO\MEDICINA NUCLEAR\Contable\Empresa1\librocaja.rpt:Error detected by database DLL.
11/29/07, 11:43:47, 4, 0, C:\MARCELO\MEDICINA NUCLEAR\Contable\Empresa3\Recibocliente.rpt:Memory full.
11/29/07, 11:45:56, 4, 0, C:\MARCELO\MEDICINA NUCLEAR\Contable\Empresa3\Recibocliente.rpt:Memory full.
11/29/07, 11:46:22, 4, 0, C:\MARCELO\MEDICINA NUCLEAR\Contable\Empresa3\Recibocliente.rpt:Memory full.
11/29/07, 11:47:20, 4, 0, C:\MARCELO\MEDICINA NUCLEAR\Contable\Empresa3\Recibocliente.rpt:Memory full.
11/29/07, 11:47:37, 4, 0, C:\MARCELO\MEDICINA NUCLEAR\Contable\Empresa3\Recibocliente.rpt:Memory full.
11/29/07, 11:48:31, 4, 0, C:\MARCELO\MEDICINA NUCLEAR\Contable\Empresa3\Recibocliente.rpt:Memory full.
11/29/07, 11:48:34, 4, 0, C:\MARCELO\MEDICINA NUCLEAR\Contable\Empresa3\Recibocliente.rpt:Memory full.
11/29/07, 11:51:32, 4, 0, C:\MARCELO\MEDICINA NUCLEAR\Contable\Empresa3\Recibocliente.rpt:Memory full.
09/01/2008, 14:13:55, 4, 0, C:\MARCELO\MEDICINA NUCLEAR\Contable\Empresa1\estadocuentaclientes2.rpt:The remaining text does not appear to be part of the formula.
09/01/2008, 14:13:55, 4, 0, C:\MARCELO\MEDICINA NUCLEAR\Contable\Empresa1\estadocuentaclientes2.rpt:The remaining text does not appear to be part of the formula.
09/01/2008, 14:13:55, 4, 0, C:\MARCELO\MEDICINA NUCLEAR\Contable\Empresa1\estadocuentaclientes2.rpt:The remaining text does not appear to be part of the formula.
09/01/2008, 14:16:05, 4, 0, C:\MARCELO\MEDICINA NUCLEAR\Contable\Empresa1\estadocuentaclientes2.rpt:The remaining text does not appear to be part of the formula.
09/01/2008, 14:16:05, 4, 0, C:\MARCELO\MEDICINA NUCLEAR\Contable\Empresa1\estadocuentaclientes2.rpt:The remaining text does not appear to be part of the formula.
09/01/2008, 14:16:05, 4, 0, C:\MARCELO\MEDICINA NUCLEAR\Contable\Empresa1\estadocuentaclientes2.rpt:The remaining text does not appear to be part of the formula.
11/01/2008, 13:23:24, 4, 0, :Invalid file handle.
11/01/2008, 13:23:24, 4, 0, :Invalid file handle.
11/01/2008, 13:23:24, 4, 0, :Invalid file handle.
11/01/2008, 13:23:28, 4, 0, :Invalid file handle.
11/01/2008, 13:23:28, 4, 0, :Invalid file handle.
11/01/2008, 13:24:01, 4, 0, :Invalid file handle.
11/01/2008, 13:24:01, 4, 0, :Invalid file handle.
11/01/2008, 13:24:01, 4, 0, :Invalid file handle.
11/01/2008, 13:24:05, 4, 0, :Invalid file handle.
11/01/2008, 13:24:05, 4, 0, :Invalid file handle.
11/01/2008, 13:24:06, 4, 0, :Invalid file handle.
11/01/2008, 13:24:06, 4, 0, :Invalid file handle.
11/01/2008, 13:24:08, 4, 0, :Invalid file handle.
11/01/2008, 13:24:08, 4, 0, :Invalid file handle.
11/01/2008, 13:26:50, 4, 0, :Invalid file handle.
11/01/2008, 13:26:50, 4, 0, :Invalid file handle.
11/01/2008, 13:26:50, 4, 0, :Invalid file handle.
11/01/2008, 13:27:20, 4, 0, :Invalid file handle.
11/01/2008, 13:27:20, 4, 0, :Invalid file handle.
11/01/2008, 13:27:20, 4, 0, :Invalid file handle.
11/01/2008, 13:27:25, 4, 0, :Invalid file handle.
11/01/2008, 13:27:25, 4, 0, :Invalid file handle.
11/01/2008, 13:27:26, 4, 0, :Invalid file handle.
11/01/2008, 13:27:26, 4, 0, :Invalid file handle.
11/01/2008, 13:27:44, 4, 0, :Invalid file handle.
11/01/2008, 13:27:44, 4, 0, :Invalid file handle.
11/01/2008, 13:27:44, 4, 0, :Invalid file handle.
11/01/2008, 13:27:49, 4, 0, :Invalid file handle.
11/01/2008, 13:27:49, 4, 0, :Invalid file handle.
11/01/2008, 13:28:25, 4, 0, :Invalid file handle.
11/01/2008, 13:28:25, 4, 0, :Invalid file handle.
11/01/2008, 14:33:04, 4, 0, C:\MARCELO\MEDICINA NUCLEAR\Contable\Empresa1\estadocuentaclientes2.rpt:A running total cannot refer to a print time formula
11/01/2008, 14:33:04, 4, 0, C:\MARCELO\MEDICINA NUCLEAR\Contable\Empresa1\estadocuentaclientes2.rpt:A running total cannot refer to a print time formula
11/01/2008, 14:34:04, 4, 0, C:\MARCELO\MEDICINA NUCLEAR\Contable\Empresa1\estadocuentaclientes2.rpt:A running total cannot refer to a print time formula
11/01/2008, 14:34:04, 4, 0, C:\MARCELO\MEDICINA NUCLEAR\Contable\Empresa1\estadocuentaclientes2.rpt:A running total cannot refer to a print time formula
11/01/2008, 14:34:08, 4, 0, C:\MARCELO\MEDICINA NUCLEAR\Contable\Empresa1\estadocuentaclientes2.rpt:A running total cannot refer to a print time formula
11/01/2008, 14:34:08, 4, 0, C:\MARCELO\MEDICINA NUCLEAR\Contable\Empresa1\estadocuentaclientes2.rpt:A running total cannot refer to a print time formula
11/01/2008, 14:57:11, 4, 0, C:\MARCELO\MEDICINA NUCLEAR\Contable\Empresa1\estadocuentaclientes2.rpt:A running total cannot refer to a print time formula
11/01/2008, 14:57:11, 4, 0, C:\MARCELO\MEDICINA NUCLEAR\Contable\Empresa1\estadocuentaclientes2.rpt:A running total cannot refer to a print time formula
11/01/2008, 17:43:59, 4, 0, C:\MARCELO\MEDICINA NUCLEAR\Contable\Empresa1\estadocuentaclientes2.rpt:A running total cannot refer to a print time formula
11/01/2008, 17:43:59, 4, 0, C:\MARCELO\MEDICINA NUCLEAR\Contable\Empresa1\estadocuentaclientes2.rpt:A running total cannot refer to a print time formula
11/01/2008, 18:24:03, 4, 0, C:\MARCELO\MEDICINA NUCLEAR\Contable\Empresa1\estadocuentaclientes2.rpt:Error detected by database DLL.
11/01/2008, 18:28:50, 4, 0, C:\MARCELO\MEDICINA NUCLEAR\Contable\Empresa1\estadocuentaclientes2.rpt:Error detected by database DLL.
11/01/2008, 18:35:03, 4, 0, C:\MARCELO\MEDICINA NUCLEAR\Contable\Empresa1\estadocuentaclientes2.rpt:Error detected by database DLL.
11/01/2008, 18:39:50, 4, 0, C:\MARCELO\MEDICINA NUCLEAR\Contable\Empresa1\estadocuentaclientes2.rpt:Error detected by database DLL.
11/01/2008, 18:42:19, 4, 0, C:\MARCELO\MEDICINA NUCLEAR\Contable\Empresa1\estadocuentaclientes2.rpt:Error detected by database DLL.
16/02/2008, 13:50:20, 4, 0, :Access denied.
16/02/2008, 13:50:20, 4, 0, :Access denied.
16/02/2008, 13:51:06, 4, 0, :Access denied.
18/02/2008, 19:27:56, 4, 0, :File not found.
18/02/2008, 19:27:56, 4, 0, :File not found.
18/02/2008, 20:48:22, 4, 0, C:\MARCELO\MEDICINA NUCLEAR\Contable\Empresa1\estadocuentaclientessaldos2.rpt:The file is in use by another application.
22/02/2008, 15:14:11, 4, 0, C:\MARCELO\MEDICINA NUCLEAR\Contable\Empresa3\Recibocliente.rpt:The page size was not large enough to format the contents of an object in the report.
22/02/2008, 15:14:41, 4, 0, C:\MARCELO\MEDICINA NUCLEAR\Contable\Empresa3\Recibocliente.rpt:The page size was not large enough to format the contents of an object in the report.
25/02/2008, 16:42:03, 4, 0, C:\MARCELO\MEDICINA NUCLEAR\Contable\Empresa3\ecproveedores.rpt:Error detected by database DLL.
25/02/2008, 16:42:45, 4, 0, C:\MARCELO\MEDICINA NUCLEAR\Contable\Empresa3\ecproveedores.rpt:Error detected by database DLL.
25/02/2008, 16:46:29, 4, 0, C:\MARCELO\MEDICINA NUCLEAR\Contable\Empresa3\ecproveedores.rpt:Error detected by database DLL.
26/02/2008, 13:58:36, 4, 0, C:\MARCELO\MEDICINA NUCLEAR\Contable\Empresa1\ecproveedores.rpt:Error detected by database DLL.
26/02/2008, 14:02:12, 4, 0, C:\MARCELO\MEDICINA NUCLEAR\Contable\Empresa1\ecproveedores.rpt:Error detected by database DLL.
26/02/2008, 14:03:33, 4, 0, C:\MARCELO\MEDICINA NUCLEAR\Contable\Empresa1\ecproveedores.rpt:Error detected by database DLL.
26/02/2008, 14:04:14, 4, 0, C:\MARCELO\MEDICINA NUCLEAR\Contable\Empresa1\ecproveedores.rpt:Error detected by database DLL.
29/02/2008, 10:21:04, 4, 0, C:\MARCELO\MEDICINA NUCLEAR\Contable\Empresa3\ecclientes.rpt:Error detected by database DLL.
29/02/2008, 10:22:08, 4, 0, C:\MARCELO\MEDICINA NUCLEAR\Contable\Empresa3\ecclientes.rpt:Error detected by database DLL.
29/02/2008, 10:22:27, 4, 0, C:\MARCELO\MEDICINA NUCLEAR\Contable\Empresa3\ecclientes.rpt:Error detected by database DLL.
29/02/2008, 10:24:33, 4, 0, C:\MARCELO\MEDICINA NUCLEAR\Contable\Empresa3\ecclientes.rpt:Error detected by database DLL.
29/02/2008, 10:27:23, 4, 0, C:\MARCELO\MEDICINA NUCLEAR\Contable\Empresa3\ecclientes.rpt:Error detected by database DLL.
29/02/2008, 10:28:36, 4, 0, C:\MARCELO\MEDICINA NUCLEAR\Contable\Empresa3\ecclientes.rpt:Error detected by database DLL.
29/02/2008, 10:43:17, 4, 0, C:\MARCELO\MEDICINA NUCLEAR\Contable\Empresa3\ecclientes.rpt:Error detected by database DLL.
29/02/2008, 13:19:42, 4, 0, :File not found.
29/02/2008, 13:19:42, 4, 0, :File not found.
29/02/2008, 13:20:33, 4, 0, :File not found.
29/02/2008, 13:20:33, 4, 0, :File not found.
29/02/2008, 13:21:10, 4, 0, :File not found.
29/02/2008, 21:23:46, 4, 0, C:\MARCELO\MEDICINA NUCLEAR\Contable\Empresa3\cuadroresultado_balance.rpt:Error detected by database DLL.
29/02/2008, 21:24:26, 4, 0, C:\MARCELO\MEDICINA NUCLEAR\Contable\Empresa3\cuadroresultado_balance.rpt:Error detected by database DLL.
29/02/2008, 21:26:12, 4, 0, C:\MARCELO\MEDICINA NUCLEAR\Contable\Empresa3\cuadroresultado_balance.rpt:Error detected by database DLL.
29/02/2008, 21:30:00, 4, 0, C:\MARCELO\MEDICINA NUCLEAR\Contable\Empresa3\cuadroresultado_balance.rpt:Error detected by database DLL.
29/02/2008, 21:32:16, 4, 0, C:\MARCELO\MEDICINA NUCLEAR\Contable\Empresa3\cuadroresultado_balance.rpt:Error detected by database DLL.
29/02/2008, 21:33:33, 4, 0, C:\MARCELO\MEDICINA NUCLEAR\Contable\Empresa3\cuadroresultado_balance.rpt:Error detected by database DLL.
29/02/2008, 21:34:38, 4, 0, C:\MARCELO\MEDICINA NUCLEAR\Contable\Empresa3\cuadroresultado_balance.rpt:Error detected by database DLL.
29/02/2008, 21:36:08, 4, 0, C:\MARCELO\MEDICINA NUCLEAR\Contable\Empresa3\cuadroresultado_balance.rpt:Error detected by database DLL.
29/02/2008, 21:36:21, 4, 0, C:\MARCELO\MEDICINA NUCLEAR\Contable\Empresa3\cuadroresultado_balance.rpt:Error detected by database DLL.
29/02/2008, 21:36:43, 4, 0, C:\MARCELO\MEDICINA NUCLEAR\Contable\Empresa3\cuadroresultado_balance.rpt:Error detected by database DLL.
29/02/2008, 21:37:06, 4, 0, C:\MARCELO\MEDICINA NUCLEAR\Contable\Empresa3\cuadroresultado_balance.rpt:Error detected by database DLL.
29/02/2008, 21:38:41, 4, 0, C:\MARCELO\MEDICINA NUCLEAR\Contable\Empresa3\cuadroresultado_balance.rpt:Error detected by database DLL.
29/02/2008, 21:40:07, 4, 0, C:\MARCELO\MEDICINA NUCLEAR\Contable\Empresa3\cuadroresultado_balance.rpt:Error detected by database DLL.
03/13/08, 12:29:43, 4, 0, C:\MARCELO\MEDICINA NUCLEAR\Contable\Empresa3\Plancuentas.rpt:Error starting print job. Please check your printer or network connection.
03/13/08, 12:30:55, 4, 0, C:\MARCELO\MEDICINA NUCLEAR\Contable\Empresa3\Plancuentas.rpt:Error starting print job. Please check your printer or network connection.
03/18/08, 21:11:13, 4, 0, :Invalid directory.
03/18/08, 21:11:13, 4, 0, :Invalid directory.
05/09/08, 11:00:09, 4, 0, :File not found.
05/09/08, 11:00:09, 4, 0, :File not found.
05/09/08, 11:00:59, 4, 0, :File not found.
05/09/08, 11:09:58, 4, 0, C:\MARCELO\MEDICINA NUCLEAR\Contable\Empresa1\librocaja_mayor.rpt:Error detected by database DLL.
05/09/08, 11:10:34, 4, 0, C:\MARCELO\MEDICINA NUCLEAR\Contable\Empresa1\librocaja_mayor.rpt:Error detected by database DLL.
05/09/08, 11:13:13, 4, 0, C:\MARCELO\MEDICINA NUCLEAR\Contable\Empresa1\librocaja_mayor.rpt:Error detected by database DLL.
05/09/08, 11:19:25, 4, 0, C:\MARCELO\MEDICINA NUCLEAR\Contable\Empresa1\librocaja_mayor.rpt:Error detected by database DLL.
05/09/08, 11:20:04, 4, 0, C:\MARCELO\MEDICINA NUCLEAR\Contable\Empresa1\librocaja_mayor.rpt:Error detected by database DLL.
05/09/08, 14:27:45, 4, 0, C:\MARCELO\MEDICINA NUCLEAR\Contable\Empresa1\librobanco_mayor2.rpt:Error detected by database DLL.
05/09/08, 14:28:59, 4, 0, C:\MARCELO\MEDICINA NUCLEAR\Contable\Empresa1\librobanco_mayor2.rpt:Error detected by database DLL.
05/09/08, 14:29:58, 4, 0, C:\MARCELO\MEDICINA NUCLEAR\Contable\Empresa1\librobanco_mayor2.rpt:Error detected by database DLL.
05/09/08, 14:40:38, 4, 0, C:\MARCELO\MEDICINA NUCLEAR\Contable\Empresa1\librobanco_mayor2.rpt:Error detected by database DLL.
05/09/08, 19:46:28, 4, 0, C:\MARCELO\MEDICINA NUCLEAR\Contable\Empresa3\librocaja.rpt:Error detected by database DLL.
05/09/08, 19:49:08, 4, 0, C:\MARCELO\MEDICINA NUCLEAR\Contable\Empresa3\librocaja.rpt:Error detected by database DLL.
24/05/2008, 17:41:14, 4, 0, C:\MARCELO\MEDICINA NUCLEAR\Contable\Empresa3\clientes.rpt:Error detected by database DLL.
24/05/2008, 17:41:42, 4, 0, C:\MARCELO\MEDICINA NUCLEAR\Contable\Empresa3\clientes.rpt:Error detected by database DLL.
24/05/2008, 17:43:31, 4, 0, C:\MARCELO\MEDICINA NUCLEAR\Contable\Empresa3\clientes.rpt:Error detected by database DLL.
24/05/2008, 17:43:53, 4, 0, C:\MARCELO\MEDICINA NUCLEAR\Contable\Empresa3\clientes.rpt:Error detected by database DLL.
28/05/2008, 15:57:39, 4, 0, C:\MARCELO\MEDICINA NUCLEAR\Contable\Empresa3\cheques.rpt:Error detected by database DLL.
28/05/2008, 15:58:46, 4, 0, C:\MARCELO\MEDICINA NUCLEAR\Contable\Empresa3\cheques.rpt:Error detected by database DLL.
28/05/2008, 15:58:52, 4, 0, C:\MARCELO\MEDICINA NUCLEAR\Contable\Empresa3\cheques.rpt:Error detected by database DLL.
28/05/2008, 15:59:42, 4, 0, C:\MARCELO\MEDICINA NUCLEAR\Contable\Empresa3\cheques.rpt:Error detected by database DLL.
28/05/2008, 16:00:03, 4, 0, C:\MARCELO\MEDICINA NUCLEAR\Contable\Empresa3\cheques.rpt:Error detected by database DLL.
28/05/2008, 16:00:09, 4, 0, C:\MARCELO\MEDICINA NUCLEAR\Contable\Empresa3\cheques.rpt:Error detected by database DLL.
31/05/2008, 22:35:39, 4, 0, C:\MARCELO\MEDICINA NUCLEAR\Contable\Empresa3\compcompras.rpt:Error starting print job. Please check your printer or network connection.
03/06/2008, 12:56:08, 4, 0, C:\MARCELO\MEDICINA NUCLEAR\Contable\Empresa3\librocaja.rpt:Error detected by database DLL.
03/06/2008, 12:59:50, 4, 0, C:\MARCELO\MEDICINA NUCLEAR\Contable\Empresa3\librocaja.rpt:Error detected by database DLL.
06/06/2008, 12:48:06, 4, 0, C:\MARCELO\MEDICINA NUCLEAR\Contable\Empresa3\FacturaA.rpt:Failed to export the report.

06/06/2008, 12:48:06, 4, 0, C:\MARCELO\MEDICINA NUCLEAR\Contable\Empresa3\FacturaA.rpt:User cancelled.
09/06/2008, 12:02:55, 4, 0, :Invalid directory.
09/06/2008, 12:02:55, 4, 0, :Invalid directory.
09/06/2008, 12:03:02, 4, 0, :Invalid directory.
09/06/2008, 12:04:06, 4, 0, :Invalid directory.
10/06/2008, 11:19:33, 4, 0, :Invalid directory.
10/06/2008, 11:19:33, 4, 0, :Invalid directory.
11/06/2008, 12:37:56, 4, 0, :Invalid directory.
11/06/2008, 12:37:56, 4, 0, :Invalid directory.
11/06/2008, 21:49:27, 4, 0, :File not found.
11/06/2008, 21:49:27, 4, 0, :File not found.
11/06/2008, 21:49:27, 4, 0, :File not found.
11/06/2008, 21:49:29, 4, 0, :File not found.
11/06/2008, 21:49:29, 4, 0, :File not found.
11/06/2008, 21:49:29, 4, 0, :File not found.
11/06/2008, 21:49:29, 4, 0, :File not found.
11/06/2008, 21:49:29, 4, 0, :File not found.
11/06/2008, 21:49:29, 4, 0, :File not found.
14/06/2008, 11:02:25, 4, 0, C:\MARCELO\MEDICINA NUCLEAR\Contable\Empresa1\ecclientes_fc.rpt:Error detected by database DLL.
14/06/2008, 11:03:33, 4, 0, C:\MARCELO\MEDICINA NUCLEAR\Contable\Empresa1\ecclientes_fc.rpt:Error detected by database DLL.
14/06/2008, 12:08:46, 4, 0, C:\MARCELO\MEDICINA NUCLEAR\Contable\Empresa1\ecclientes_fc.rpt:Error detected by database DLL.
14/06/2008, 12:09:26, 4, 0, C:\MARCELO\MEDICINA NUCLEAR\Contable\Empresa1\ecclientes_fc.rpt:Error detected by database DLL.
14/06/2008, 12:09:37, 4, 0, C:\MARCELO\MEDICINA NUCLEAR\Contable\Empresa1\ecclientes_fc.rpt:Error detected by database DLL.
14/06/2008, 12:12:35, 4, 0, C:\MARCELO\MEDICINA NUCLEAR\Contable\Empresa1\ecclientes_fc.rpt:Error detected by database DLL.
14/06/2008, 12:12:46, 4, 0, C:\MARCELO\MEDICINA NUCLEAR\Contable\Empresa1\ecclientes.rpt:Error detected by database DLL.
14/06/2008, 12:13:05, 4, 0, C:\MARCELO\MEDICINA NUCLEAR\Contable\Empresa1\ecclientes.rpt:Error detected by database DLL.
18/06/2008, 20:29:46, 4, 0, :Invalid directory.
18/06/2008, 20:29:46, 4, 0, :Invalid directory.
07/08/08, 20:14:47, 4, 0, C:\MARCELO\MEDICINA NUCLEAR\Contable\Empresa3\Recibocliente.rpt:Failed to export the report.

07/08/08, 20:14:47, 4, 0, C:\MARCELO\MEDICINA NUCLEAR\Contable\Empresa3\Recibocliente.rpt:User cancelled.
18/09/2008, 22:03:33, 4, 0, C:\MARCELO\MEDICINA NUCLEAR\Contable\Empresa1\ListadoReciboscobro_detalle.rpt:Error detected by database DLL.
18/09/2008, 22:04:50, 4, 0, C:\MARCELO\MEDICINA NUCLEAR\Contable\Empresa1\ListadoReciboscobro_detalle.rpt:Error detected by database DLL.
28/10/2009, 14:23:13, 4, 0, C:\MARCELO\MEDICINA NUCLEAR\Contable\Empresa3\ecclientes_res_fc.rpt:Error detected by database DLL.
28/10/2009, 14:23:24, 4, 0, C:\MARCELO\MEDICINA NUCLEAR\Contable\Empresa3\ecclientes_res_fc.rpt:Error detected by database DLL.
28/10/2009, 14:24:46, 4, 0, C:\MARCELO\MEDICINA NUCLEAR\Contable\Empresa3\ecclientes_res_fc.rpt:Error detected by database DLL.
28/10/2009, 14:26:50, 4, 0, C:\MARCELO\MEDICINA NUCLEAR\Contable\Empresa3\ecclientes_res_fc.rpt:Error detected by database DLL.
28/10/2009, 14:27:23, 4, 0, C:\MARCELO\MEDICINA NUCLEAR\Contable\Empresa3\ecclientes_res_fc.rpt:Error detected by database DLL.
28/10/2009, 14:28:15, 4, 0, C:\MARCELO\MEDICINA NUCLEAR\Contable\Empresa3\ecclientes_res_fc.rpt:Error detected by database DLL.
28/10/2009, 14:29:50, 4, 0, C:\MARCELO\MEDICINA NUCLEAR\Contable\Empresa3\ecclientes_res_fc.rpt:Error detected by database DLL.
30/11/2009, 19:18:28, 4, 0, C:\MARCELO\MEDICINA NUCLEAR\Contable\Empresa3\ecclientes_res_fc_cc.rpt:Error detected by database DLL.
30/11/2009, 19:18:38, 4, 0, C:\MARCELO\MEDICINA NUCLEAR\Contable\Empresa3\ecclientes_res_fc_cc.rpt:Error detected by database DLL.
08/03/2010, 09:11:39, 4, 0, :Invalid directory.
08/03/2010, 09:11:39, 4, 0, :Invalid directory.
08/03/2010, 09:12:37, 4, 0, :Invalid directory.
08/03/2010, 09:12:37, 4, 0, :Invalid directory.
08/03/2010, 16:58:17, 4, 0, :File not found.
08/03/2010, 16:58:17, 4, 0, :File not found.
12/26/14, 12:44:43, 4, 0, :File not found.
12/26/14, 12:45:25, 4, 0, C:\MARCELO\Z_EMPRESAS\POS_NUEVO\pv\FacturaCtaCteA.rpt:Error starting print job. Please check your printer or network connection.
12/26/14, 12:54:17, 4, 0, C:\MARCELO\Z_EMPRESAS\POS_NUEVO\pv\FacturaCtaCteA.rpt:Error detected by database DLL.
12/26/14, 12:54:17, 4, 0, C:\MARCELO\Z_EMPRESAS\POS_NUEVO\pv\FacturaCtaCteA.rpt:Error detected by database DLL.
12/30/14, 12:53:35, 4, 0, :File not found.
12/30/14, 12:53:43, 4, 0, :File not found.
12/30/14, 12:54:46, 4, 0, :File not found.
12/30/14, 12:54:57, 4, 0, :File not found.
12/30/14, 12:57:06, 4, 0, :File not found.
01/02/15, 11:36:21, 4, 0, C:\MARCELO\Z_EMPRESAS\POS_NUEVO\pv\PresupuestoA.rpt:Error detected by database DLL.
01/02/15, 11:36:21, 4, 0, C:\MARCELO\Z_EMPRESAS\POS_NUEVO\pv\PresupuestoA.rpt:Error detected by database DLL.
01/02/15, 11:37:00, 4, 0, C:\MARCELO\Z_EMPRESAS\POS_NUEVO\pv\PresupuestoA.rpt:Error detected by database DLL.
01/02/15, 11:37:00, 4, 0, C:\MARCELO\Z_EMPRESAS\POS_NUEVO\pv\PresupuestoA.rpt:Error detected by database DLL.
01/02/15, 11:40:11, 4, 0, C:\MARCELO\Z_EMPRESAS\POS_NUEVO\pv\PresupuestoA.rpt:Error detected by database DLL.
01/02/15, 11:40:11, 4, 0, C:\MARCELO\Z_EMPRESAS\POS_NUEVO\pv\PresupuestoA.rpt:Error detected by database DLL.
01/08/15, 16:15:41, 4, 0, C:\MARCELO\Z_EMPRESAS\POS_NUEVO\pv\FacturaCtaCteB.rpt:Error detected by database DLL.
01/08/15, 16:15:42, 4, 0, C:\MARCELO\Z_EMPRESAS\POS_NUEVO\pv\FacturaCtaCteB.rpt:Error detected by database DLL.
01/15/15, 20:43:50, 4, 0, C:\MARCELO\Z_EMPRESAS\POS_NUEVO\pv\RemitoVtaAlquiler.rpt:Error starting print job. Please check your printer or network connection.
01/15/15, 22:00:23, 4, 0, C:\MARCELO\Z_EMPRESAS\POS_NUEVO\pv\RemitoVta.rpt:Error starting print job. Please check your printer or network connection.
01/26/15, 10:06:20, 4, 0, C:\MARCELO\Z_EMPRESAS\POS_NUEVO\pv\RemitoVta.rpt:Error detected by database DLL.
01/26/15, 10:06:20, 4, 0, C:\MARCELO\Z_EMPRESAS\POS_NUEVO\pv\RemitoVta.rpt:Error detected by database DLL.
01/26/15, 10:06:46, 4, 0, C:\MARCELO\Z_EMPRESAS\POS_NUEVO\pv\FacturaCtaCteA.rpt:Error detected by database DLL.
01/26/15, 10:06:46, 4, 0, C:\MARCELO\Z_EMPRESAS\POS_NUEVO\pv\FacturaCtaCteA.rpt:Error detected by database DLL.
01/26/15, 10:47:11, 4, 0, C:\MARCELO\Z_EMPRESAS\POS_NUEVO\pv\RemitoVta.rpt:Error detected by database DLL.
01/26/15, 10:47:11, 4, 0, C:\MARCELO\Z_EMPRESAS\POS_NUEVO\pv\RemitoVta.rpt:Error detected by database DLL.
01/26/15, 10:47:39, 4, 0, C:\MARCELO\Z_EMPRESAS\POS_NUEVO\pv\FacturaCtaCteB.rpt:Error detected by database DLL.
01/26/15, 10:47:39, 4, 0, C:\MARCELO\Z_EMPRESAS\POS_NUEVO\pv\FacturaCtaCteB.rpt:Error detected by database DLL.
01/26/15, 10:57:30, 4, 0, C:\MARCELO\Z_EMPRESAS\POS_NUEVO\pv\RemitoVta.rpt:Error detected by database DLL.
01/26/15, 10:57:30, 4, 0, C:\MARCELO\Z_EMPRESAS\POS_NUEVO\pv\RemitoVta.rpt:Error detected by database DLL.
01/26/15, 11:08:18, 4, 0, C:\MARCELO\Z_EMPRESAS\POS_NUEVO\pv\FacturaCtaCteB.rpt:Error detected by database DLL.
01/26/15, 11:08:18, 4, 0, C:\MARCELO\Z_EMPRESAS\POS_NUEVO\pv\FacturaCtaCteB.rpt:Error detected by database DLL.
01/26/15, 11:15:43, 4, 0, C:\MARCELO\Z_EMPRESAS\POS_NUEVO\pv\FacturaCtaCteB.rpt:Error detected by database DLL.
01/26/15, 11:15:43, 4, 0, C:\MARCELO\Z_EMPRESAS\POS_NUEVO\pv\FacturaCtaCteB.rpt:Error detected by database DLL.
01/27/15, 19:20:20, 4, 0, C:\MARCELO\Z_EMPRESAS\POS_NUEVO\pv\RemitoVta.rpt:Error starting print job. Please check your printer or network connection.
01/27/15, 21:12:28, 4, 0, C:\MARCELO\Z_EMPRESAS\POS_NUEVO\pv\FacturaCtaCteB.rpt:Error detected by database DLL.
01/27/15, 21:12:28, 4, 0, C:\MARCELO\Z_EMPRESAS\POS_NUEVO\pv\FacturaCtaCteB.rpt:Error detected by database DLL.
01/30/15, 09:51:17, 4, 0, C:\MARCELO\Z_EMPRESAS\POS_NUEVO\pv\FacturaCtaCteA.rpt:Page Header plus Page Footer is too large for the page.
01/30/15, 09:51:17, 4, 0, C:\MARCELO\Z_EMPRESAS\POS_NUEVO\pv\FacturaCtaCteA.rpt:Page Header plus Page Footer is too large for the page.
01/30/15, 09:51:57, 4, 0, C:\MARCELO\Z_EMPRESAS\POS_NUEVO\pv\FacturaCtaCteA.rpt:Page Header plus Page Footer is too large for the page.
01/30/15, 09:51:57, 4, 0, C:\MARCELO\Z_EMPRESAS\POS_NUEVO\pv\FacturaCtaCteA.rpt:Page Header plus Page Footer is too large for the page.
01/30/15, 12:19:34, 4, 0, C:\MARCELO\Z_EMPRESAS\POS_NUEVO\pv\RemitoVta.rpt:Page Header plus Page Footer is too large for the page.
01/30/15, 12:19:34, 4, 0, C:\MARCELO\Z_EMPRESAS\POS_NUEVO\pv\RemitoVta.rpt:Page Header plus Page Footer is too large for the page.
01/30/15, 12:21:29, 4, 0, C:\MARCELO\Z_EMPRESAS\POS_NUEVO\pv\FacturaCtaCteA.rpt:Page Header plus Page Footer is too large for the page.
01/30/15, 12:21:29, 4, 0, C:\MARCELO\Z_EMPRESAS\POS_NUEVO\pv\FacturaCtaCteA.rpt:Page Header plus Page Footer is too large for the page.
01/30/15, 12:21:35, 4, 0, C:\MARCELO\Z_EMPRESAS\POS_NUEVO\pv\FacturaCtaCteA.rpt:Page Header plus Page Footer is too large for the page.
01/30/15, 12:21:35, 4, 0, C:\MARCELO\Z_EMPRESAS\POS_NUEVO\pv\FacturaCtaCteA.rpt:Page Header plus Page Footer is too large for the page.
02/02/15, 09:16:40, 4, 0, C:\MARCELO\Z_EMPRESAS\POS_NUEVO\pv\NotaCreditoA.rpt:Error detected by database DLL.
02/02/15, 09:16:41, 4, 0, C:\MARCELO\Z_EMPRESAS\POS_NUEVO\pv\NotaCreditoA.rpt:Error detected by database DLL.
02/03/15, 18:49:30, 4, 0, C:\MARCELO\Z_EMPRESAS\POS_NUEVO\pv\FacturaCtaCteA.rpt:Error starting print job. Please check your printer or network connection.
02/03/15, 18:49:48, 4, 0, C:\MARCELO\Z_EMPRESAS\POS_NUEVO\pv\FacturaCtaCteA.rpt:Error starting print job. Please check your printer or network connection.
02/28/15, 13:22:36, 4, 0, \\Server-1\POS_NUEVO\FacturaCtaCteA.rpt:The remaining text does not appear to be part of the formula.
02/28/15, 13:22:36, 4, 0, \\Server-1\POS_NUEVO\FacturaCtaCteA.rpt:The remaining text does not appear to be part of the formula.
02/28/15, 13:22:36, 4, 0, \\Server-1\POS_NUEVO\FacturaCtaCteA.rpt:The remaining text does not appear to be part of the formula.
02/28/15, 14:07:28, 4, 0, \\Server-1\POS_NUEVO\NotaCreditoA.rpt:Error detected by database DLL.
02/28/15, 14:07:29, 4, 0, \\Server-1\POS_NUEVO\NotaCreditoA.rpt:Error detected by database DLL.
02/28/15, 14:09:46, 4, 0, \\Server-1\POS_NUEVO\NotaCreditoA.rpt:Error detected by database DLL.
02/28/15, 14:09:46, 4, 0, \\Server-1\POS_NUEVO\NotaCreditoA.rpt:Error detected by database DLL.
02/28/15, 14:10:52, 4, 0, \\Server-1\POS_NUEVO\NotaCreditoA.rpt:Error detected by database DLL.
02/28/15, 14:10:52, 4, 0, \\Server-1\POS_NUEVO\NotaCreditoA.rpt:Error detected by database DLL.
02/28/15, 16:09:28, 4, 0, C:\POS_NUEVO\NotaCreditoA.rpt:Error detected by database DLL.
02/28/15, 16:09:29, 4, 0, C:\POS_NUEVO\NotaCreditoA.rpt:Error detected by database DLL.
03/06/15, 19:07:18, 4, 0, \\Server-1\POS_NUEVO\CotizacionA.rpt:Error starting print job. Please check your printer or network connection.
03/06/15, 19:34:32, 4, 0, \\Server-1\pos_nuevo\FacturaCtaCteA.rpt:The remaining text does not appear to be part of the formula.
03/06/15, 19:34:32, 4, 0, \\Server-1\pos_nuevo\FacturaCtaCteA.rpt:The remaining text does not appear to be part of the formula.
03/06/15, 19:34:32, 4, 0, \\Server-1\pos_nuevo\FacturaCtaCteA.rpt:The remaining text does not appear to be part of the formula.
03/14/15, 10:52:01, 4, 0, C:\POS_NUEVO\NotaCreditoB.rpt:Error detected by database DLL.
03/14/15, 10:52:03, 4, 0, C:\POS_NUEVO\NotaCreditoB.rpt:Error detected by database DLL.
03/17/15, 18:41:18, 4, 0, :File not found.
03/17/15, 18:41:18, 4, 0, :File not found.
03/17/15, 18:41:59, 4, 0, :File not found.
03/17/15, 18:41:59, 4, 0, :File not found.
04/18/15, 18:31:07, 4, 0, C:\MARCELO\Z_EMPRESAS\POS_NUEVO\pv_emporio\RemitoVta.rpt:Page Header plus Page Footer is too large for the page.
04/18/15, 18:31:07, 4, 0, C:\MARCELO\Z_EMPRESAS\POS_NUEVO\pv_emporio\RemitoVta.rpt:Page Header plus Page Footer is too large for the page.
04/18/15, 18:52:30, 4, 0, C:\MARCELO\Z_EMPRESAS\POS_NUEVO\pv_emporio\CotizacionA.rpt:Error detected by database DLL.
04/18/15, 18:54:56, 4, 0, C:\MARCELO\Z_EMPRESAS\POS_NUEVO\pv_emporio\CotizacionA.rpt:Error detected by database DLL.
11/06/15, 12:33:30, 4, 0, C:\MARCELO\Z_EMPRESAS\POS_NUEVO\pv_emporio\FacturaCtaCteA.rpt:The remaining text does not appear to be part of the formula.
11/06/15, 12:33:30, 4, 0, C:\MARCELO\Z_EMPRESAS\POS_NUEVO\pv_emporio\FacturaCtaCteA.rpt:The remaining text does not appear to be part of the formula.
11/06/15, 12:33:30, 4, 0, C:\MARCELO\Z_EMPRESAS\POS_NUEVO\pv_emporio\FacturaCtaCteA.rpt:The remaining text does not appear to be part of the formula.
12/21/15, 15:27:51, 4, 0, C:\MARCELO\Z_EMPRESAS\POS_NUEVO\pv_emporio\FacturaCtaCteA.rpt:The remaining text does not appear to be part of the formula.
12/21/15, 15:27:51, 4, 0, C:\MARCELO\Z_EMPRESAS\POS_NUEVO\pv_emporio\FacturaCtaCteA.rpt:The remaining text does not appear to be part of the formula.
12/21/15, 15:27:51, 4, 0, C:\MARCELO\Z_EMPRESAS\POS_NUEVO\pv_emporio\FacturaCtaCteA.rpt:The remaining text does not appear to be part of the formula.
01/05/16, 19:24:53, 4, 0, C:\MARCELO\Z_EMPRESAS\POS_NUEVO\pv_emporio\Recibos.rpt:Error detected by database DLL.
01/06/16, 08:28:44, 4, 0, C:\MARCELO\Z_EMPRESAS\POS_NUEVO\pv_emporio\FacturaCtaCteA.rpt:Error detected by database DLL.
01/09/16, 08:53:32, 4, 0, C:\MARCELO\Z_EMPRESAS\POS_NUEVO\pv_emporio\Reporte_caj_detallado.rpt:Error detected by database DLL.
01/09/16, 11:29:25, 4, 0, C:\MARCELO\Z_EMPRESAS\POS_NUEVO\pv_emporio\Reporte_listado_facturas.rpt:Error detected by database DLL.
01/09/16, 20:20:51, 4, 0, C:\MARCELO\Z_EMPRESAS\POS_NUEVO\pv_emporio\RemitoVta.rpt:Error detected by database DLL.
01/29/16, 12:50:13, 4, 0, C:\MARCELO\Z_EMPRESAS\POS_NUEVO\pv_emporio\PresupuestoA.rpt:Error detected by database DLL.
01/29/16, 12:50:20, 4, 0, C:\MARCELO\Z_EMPRESAS\POS_NUEVO\pv_emporio\PresupuestoA.rpt:Error detected by database DLL.
01/29/16, 12:51:03, 4, 0, C:\MARCELO\Z_EMPRESAS\POS_NUEVO\pv_emporio\PresupuestoA.rpt:Error detected by database DLL.
02/09/16, 20:38:52, 4, 0, C:\MARCELO\Z_EMPRESAS\POS_NUEVO\pv_emporio\Reporte_ctacte_conimputaciones.rpt:Error detected by database DLL.
03/08/16, 15:09:45, 4, 0, C:\MARCELO\Z_EMPRESAS\POS_NUEVO\pv_emporio\Reporte_caj_detallado.rpt:Error detected by database DLL.
04/08/16, 18:33:28, 4, 0, C:\MARCELO\Z_EMPRESAS\POS_NUEVO\pv_emporio\Reporte_Historico_ctacte.rpt:Error detected by database DLL.
11/01/17, 10:14:56, 4, 0, C:\MARCELO\Z_EMPRESAS\POS_NUEVO\pv_mosse_2\RemitoVta.rpt:Error detected by database DLL.
11/01/17, 10:14:57, 4, 0, C:\MARCELO\Z_EMPRESAS\POS_NUEVO\pv_mosse_2\RemitoVta.rpt:Error detected by database DLL.
11/01/17, 10:32:07, 4, 0, C:\MARCELO\Z_EMPRESAS\POS_NUEVO\pv_mosse_2\RemitoVta.rpt:Error detected by database DLL.
11/07/17, 08:10:15, 4, 0, C:\MARCELO\Z_EMPRESAS\POS_NUEVO\pv_mosse_2\Reporte_listado_remitos.rpt:Error detected by database DLL.
11/07/17, 08:10:22, 4, 0, C:\MARCELO\Z_EMPRESAS\POS_NUEVO\pv_mosse_2\Reporte_listado_remitos.rpt:Error detected by database DLL.
11/10/17, 09:37:17, 4, 0, C:\MARCELO\Z_EMPRESAS\POS_NUEVO\pv_mosse_2\FacturaCtaCteB.rpt:Error detected by database DLL.
11/10/17, 09:37:17, 4, 0, C:\MARCELO\Z_EMPRESAS\POS_NUEVO\pv_mosse_2\FacturaCtaCteB.rpt:Error detected by database DLL.
11/10/17, 09:48:32, 4, 0, C:\MARCELO\Z_EMPRESAS\POS_NUEVO\pv_mosse_2\FacturaCtaCteB.rpt:Error detected by database DLL.
11/10/17, 09:48:32, 4, 0, C:\MARCELO\Z_EMPRESAS\POS_NUEVO\pv_mosse_2\FacturaCtaCteB.rpt:Error detected by database DLL.
12/10/17, 13:21:22, 4, 0, C:\MARCELO\Z_EMPRESAS\POS_NUEVO\pv_mosse_2\Reporte_listado_remitos.rpt:Error detected by database DLL.
12/10/17, 13:21:56, 4, 0, C:\MARCELO\Z_EMPRESAS\POS_NUEVO\pv_mosse_2\Reporte_listado_remitos.rpt:Error detected by database DLL.
12/10/17, 18:59:09, 4, 0, C:\MARCELO\Z_EMPRESAS\POS_NUEVO\pv_mosse_2\Reporte_listado_remitos.rpt:Error detected by database DLL.
12/11/17, 10:08:11, 4, 0, C:\MARCELO\Z_EMPRESAS\POS_NUEVO\pv_mosse_2\Reporte_listado_remitos.rpt:Error detected by database DLL.
01/18/18, 19:05:43, 4, 0, C:\MARCELO\Z_EMPRESAS\POS_NUEVO\pv_mosse_2\Reporte_listado_facturas.rpt:Error detected by database DLL.
01/18/18, 20:16:59, 4, 0, C:\MARCELO\Z_EMPRESAS\POS_NUEVO\pv_mosse_2\Reporte_listado_remitos.rpt:Error detected by database DLL.
01/18/18, 20:18:01, 4, 0, C:\MARCELO\Z_EMPRESAS\POS_NUEVO\pv_mosse_2\Reporte_listado_remitos.rpt:Error detected by database DLL.
01/30/18, 20:25:02, 4, 0, C:\MARCELO\Z_EMPRESAS\POS_NUEVO\pv_mosse_2\Reporte_listado_remitos.rpt:Error detected by database DLL.
02/04/18, 21:10:14, 4, 0, C:\MARCELO\Z_EMPRESAS\POS_NUEVO\pv_mosse_2\Reporte_listado_remitos.rpt:Error detected by database DLL.
02/15/18, 10:54:01, 4, 0, C:\MARCELO\Z_EMPRESAS\POS_NUEVO\pv_mosse_2\Reporte_ctacte_conimputaciones_afecha.rpt:Error detected by database DLL.
02/15/18, 10:54:14, 4, 0, C:\MARCELO\Z_EMPRESAS\POS_NUEVO\pv_mosse_2\Reporte_Historico_ctacte.rpt:Error detected by database DLL.
02/15/18, 11:12:49, 4, 0, C:\MARCELO\Z_EMPRESAS\POS_NUEVO\pv_mosse_2\Reporte_ctacte_conimputaciones_afecha.rpt:Error detected by database DLL.
02/15/18, 11:52:00, 4, 0, C:\MARCELO\Z_EMPRESAS\POS_NUEVO\pv_mosse_2\Reporte_ctacte_conimputaciones_afecha.rpt:Error detected by database DLL.
02/15/18, 12:04:02, 4, 0, C:\MARCELO\Z_EMPRESAS\POS_NUEVO\pv_mosse_2\Reporte_Historico_ctacte_totales.rpt:Error detected by database DLL.
02/15/18, 12:04:10, 4, 0, C:\MARCELO\Z_EMPRESAS\POS_NUEVO\pv_mosse_2\Reporte_ctacte_conimputaciones_afecha.rpt:Error detected by database DLL.
02/15/18, 12:06:06, 4, 0, C:\MARCELO\Z_EMPRESAS\POS_NUEVO\pv_mosse_2\Reporte_ctacte_conimputaciones_afecha_totales.rpt:Error detected by database DLL.
02/15/18, 12:06:41, 4, 0, C:\MARCELO\Z_EMPRESAS\POS_NUEVO\pv_mosse_2\Reporte_ctacte_conimputaciones_afecha_totales.rpt:Error detected by database DLL.
02/15/18, 12:07:08, 4, 0, C:\MARCELO\Z_EMPRESAS\POS_NUEVO\pv_mosse_2\Reporte_ctacte_conimputaciones_afecha.rpt:Error detected by database DLL.
02/15/18, 12:07:21, 4, 0, C:\MARCELO\Z_EMPRESAS\POS_NUEVO\pv_mosse_2\Reporte_ctacte_conimputaciones_afecha.rpt:Error detected by database DLL.
02/16/18, 10:43:33, 4, 0, C:\MARCELO\Z_EMPRESAS\POS_NUEVO\pv_mosse_2\Reporte_Historico_ctacte.rpt:Error detected by database DLL.
02/16/18, 10:53:19, 4, 0, C:\MARCELO\Z_EMPRESAS\POS_NUEVO\pv_mosse_2\Reporte_Historico_ctacte.rpt:Error detected by database DLL.
02/16/18, 10:53:25, 4, 0, C:\MARCELO\Z_EMPRESAS\POS_NUEVO\pv_mosse_2\Reporte_Historico_ctacte.rpt:Error detected by database DLL.
02/16/18, 11:46:43, 4, 0, C:\MARCELO\Z_EMPRESAS\POS_NUEVO\pv_mosse_2\Reporte_ctacte_conimputaciones.rpt:Error detected by database DLL.
02/16/18, 11:48:36, 4, 0, C:\MARCELO\Z_EMPRESAS\POS_NUEVO\pv_mosse_2\Reporte_ctacte_pendientes.rpt:Error detected by database DLL.
02/16/18, 12:41:57, 4, 0, C:\MARCELO\Z_EMPRESAS\POS_NUEVO\pv_mosse_2\Recibos.rpt:Error detected by database DLL.
02/16/18, 12:41:57, 4, 0, C:\MARCELO\Z_EMPRESAS\POS_NUEVO\pv_mosse_2\Recibos.rpt:Error detected by database DLL.
02/22/18, 12:28:56, 4, 0, C:\MARCELO\Z_EMPRESAS\POS_NUEVO\pv_mosse_2\FacturaCtaCteB.rpt:Error detected by database DLL.
02/22/18, 12:29:49, 4, 0, C:\MARCELO\Z_EMPRESAS\POS_NUEVO\pv_mosse_2\FacturaCtaCteB.rpt:Invalid directory.
03/10/18, 12:04:41, 4, 0, C:\MARCELO\Z_EMPRESAS\POS_NUEVO\pv_mosse_2\ReportePendientesMercaderia.rpt:Error detected by database DLL.
03/16/18, 17:40:55, 4, 0, C:\MARCELO\Z_EMPRESAS\POS_NUEVO\pv_mosse_2\Recibos.rpt:Error detected by database DLL.
03/16/18, 18:25:02, 4, 0, C:\MARCELO\Z_EMPRESAS\POS_NUEVO\pv_mosse_2\Recibos.rpt:Error detected by database DLL.
03/16/18, 18:25:05, 4, 0, C:\MARCELO\Z_EMPRESAS\POS_NUEVO\pv_mosse_2\Reporte_listado_cobranzas.rpt:Error detected by database DLL.
03/16/18, 18:27:12, 4, 0, C:\MARCELO\Z_EMPRESAS\POS_NUEVO\pv_mosse_2\Reporte_listado_cobranzas.rpt:Error detected by database DLL.
03/23/18, 10:01:13, 4, 0, C:\MARCELO\Z_EMPRESAS\POS_NUEVO\pv_mosse_2\CotizacionB.rpt:Error detected by database DLL.
03/23/18, 10:07:21, 4, 0, C:\MARCELO\Z_EMPRESAS\POS_NUEVO\pv_mosse_2\CotizacionB.rpt:Error detected by database DLL.
03/23/18, 10:07:31, 4, 0, C:\MARCELO\Z_EMPRESAS\POS_NUEVO\pv_mosse_2\CotizacionB.rpt:Error detected by database DLL.
03/23/18, 10:09:20, 4, 0, C:\MARCELO\Z_EMPRESAS\POS_NUEVO\pv_mosse_2\CotizacionB.rpt:Error detected by database DLL.
03/24/18, 21:42:28, 4, 0, C:\MARCELO\Z_EMPRESAS\POS_NUEVO\pv_mosse_2\CotizacionB.rpt:Error detected by database DLL.
04/18/18, 17:47:44, 4, 0, C:\MARCELO\Z_EMPRESAS\POS_NUEVO\pv_mosse_2\Reporte_caj_detallado.rpt:Error detected by database DLL.
04/18/18, 20:13:24, 4, 0, C:\MARCELO\Z_EMPRESAS\POS_NUEVO\pv_mosse_2\Reporte_caj_detallado.rpt:Error detected by database DLL.
04/18/18, 20:13:53, 4, 0, C:\MARCELO\Z_EMPRESAS\POS_NUEVO\pv_mosse_2\Reporte_caj_detallado.rpt:Error detected by database DLL.
04/18/18, 20:15:03, 4, 0, C:\MARCELO\Z_EMPRESAS\POS_NUEVO\pv_mosse_2\Reporte_caj_detallado.rpt:Error detected by database DLL.
04/18/18, 20:15:16, 4, 0, C:\MARCELO\Z_EMPRESAS\POS_NUEVO\pv_mosse_2\Reporte_caj_detallado.rpt:Error detected by database DLL.
04/18/18, 20:16:09, 4, 0, C:\MARCELO\Z_EMPRESAS\POS_NUEVO\pv_mosse_2\Reporte_caj_detallado.rpt:Error detected by database DLL.
05/24/18, 17:37:16, 4, 0, C:\MARCELO\Z_EMPRESAS\POS_NUEVO\pv_mosse_2\FacturaCtaCteA.rpt:Invalid directory.
05/24/18, 17:37:45, 4, 0, C:\MARCELO\Z_EMPRESAS\POS_NUEVO\pv_mosse_2\FacturaCtaCteA.rpt:Invalid directory.
05/24/18, 17:37:59, 4, 0, C:\MARCELO\Z_EMPRESAS\POS_NUEVO\pv_mosse_2\FacturaCtaCteA.rpt:Invalid directory.
05/24/18, 17:38:13, 4, 0, C:\MARCELO\Z_EMPRESAS\POS_NUEVO\pv_mosse_2\FacturaCtaCteA.rpt:Invalid directory.
05/24/18, 17:45:36, 4, 0, C:\MARCELO\Z_EMPRESAS\POS_NUEVO\pv_mosse_2\FacturaCtaCteA.rpt:Invalid directory.
05/24/18, 17:47:26, 4, 0, C:\MARCELO\Z_EMPRESAS\POS_NUEVO\pv_mosse_2\FacturaCtaCteA.rpt:Invalid directory.
05/24/18, 17:51:26, 4, 0, C:\MARCELO\Z_EMPRESAS\POS_NUEVO\pv_mosse_2\FacturaCtaCteA.rpt:Invalid directory.
05/24/18, 18:00:34, 4, 0, C:\MARCELO\Z_EMPRESAS\POS_NUEVO\pv_mosse_2\FacturaCtaCteA.rpt:Invalid directory.
05/24/18, 18:01:57, 4, 0, C:\MARCELO\Z_EMPRESAS\POS_NUEVO\pv_mosse_2\FacturaCtaCteA.rpt:Invalid directory.
05/24/18, 18:02:21, 4, 0, C:\MARCELO\Z_EMPRESAS\POS_NUEVO\pv_mosse_2\FacturaCtaCteA.rpt:Invalid directory.
05/24/18, 18:02:46, 4, 0, C:\MARCELO\Z_EMPRESAS\POS_NUEVO\pv_mosse_2\FacturaCtaCteA.rpt:Invalid directory.
05/24/18, 18:03:06, 4, 0, C:\MARCELO\Z_EMPRESAS\POS_NUEVO\pv_mosse_2\FacturaCtaCteA.rpt:Invalid directory.
05/24/18, 18:04:27, 4, 0, C:\MARCELO\Z_EMPRESAS\POS_NUEVO\pv_mosse_2\FacturaCtaCteA.rpt:Invalid directory.
