Línea 25: la clase Crystal.CrystalReport del control crystalreporte no era una clase de control cargada.
Línea 232: la clase CRVIEWERLibCtl.CRViewer del control CRViewer1 no era una clase de control cargada.
Línea 26: el nombre de la propiedad Bindings de crystalreporte no es válido.
Línea 29: el nombre de la propiedad _ExtentX de crystalreporte no es válido.
Línea 30: el nombre de la propiedad _ExtentY de crystalreporte no es válido.
Línea 31: el nombre de la propiedad _Version de crystalreporte no es válido.
Línea 32: el nombre de la propiedad ReportFileName de crystalreporte no es válido.
Línea 33: el nombre de la propiedad WindowControlBox de crystalreporte no es válido.
Línea 34: el nombre de la propiedad WindowMaxButton de crystalreporte no es válido.
Línea 35: el nombre de la propiedad WindowMinButton de crystalreporte no es válido.
Línea 36: el nombre de la propiedad UserName de crystalreporte no es válido.
Línea 37: el nombre de la propiedad ReportSource de crystalreporte no es válido.
Línea 38: el nombre de la propiedad PrintFileLinesPerPage de crystalreporte no es válido.
Línea 238: el nombre de la propiedad DisplayGroupTree de CRViewer1 no es válido.
Línea 239: el nombre de la propiedad DisplayToolbar de CRViewer1 no es válido.
Línea 240: el nombre de la propiedad EnableGroupTree de CRViewer1 no es válido.
Línea 241: el nombre de la propiedad EnableNavigationControls de CRViewer1 no es válido.
Línea 242: el nombre de la propiedad EnableStopButton de CRViewer1 no es válido.
Línea 243: el nombre de la propiedad EnablePrintButton de CRViewer1 no es válido.
Línea 244: el nombre de la propiedad EnableZoomControl de CRViewer1 no es válido.
Línea 245: el nombre de la propiedad EnableCloseButton de CRViewer1 no es válido.
Línea 246: el nombre de la propiedad EnableProgressControl de CRViewer1 no es válido.
Línea 247: el nombre de la propiedad EnableSearchControl de CRViewer1 no es válido.
Línea 248: el nombre de la propiedad EnableRefreshButton de CRViewer1 no es válido.
Línea 249: el nombre de la propiedad EnableDrillDown de CRViewer1 no es válido.
Línea 250: el nombre de la propiedad EnableAnimationControl de CRViewer1 no es válido.
Línea 251: el nombre de la propiedad EnableSelectExpertButton de CRViewer1 no es válido.
Línea 252: el nombre de la propiedad EnableToolbar de CRViewer1 no es válido.
Línea 253: el nombre de la propiedad DisplayBorder de CRViewer1 no es válido.
Línea 254: el nombre de la propiedad DisplayTabs de CRViewer1 no es válido.
Línea 255: el nombre de la propiedad DisplayBackgroundEdge de CRViewer1 no es válido.
Línea 256: el nombre de la propiedad SelectionFormula de CRViewer1 no es válido.
Línea 257: el nombre de la propiedad EnablePopupMenu de CRViewer1 no es válido.
Línea 258: el nombre de la propiedad EnableExportButton de CRViewer1 no es válido.
Línea 259: el nombre de la propiedad EnableSearchExpertButton de CRViewer1 no es válido.
Línea 260: el nombre de la propiedad EnableHelpButton de CRViewer1 no es válido.
Línea 26: el nombre de la propiedad Bindings de crystalreporte no es válido.
Línea 29: el nombre de la propiedad _ExtentX de crystalreporte no es válido.
Línea 30: el nombre de la propiedad _ExtentY de crystalreporte no es válido.
Línea 31: el nombre de la propiedad _Version de crystalreporte no es válido.
Línea 32: el nombre de la propiedad ReportFileName de crystalreporte no es válido.
Línea 33: el nombre de la propiedad WindowControlBox de crystalreporte no es válido.
Línea 34: el nombre de la propiedad WindowMaxButton de crystalreporte no es válido.
Línea 35: el nombre de la propiedad WindowMinButton de crystalreporte no es válido.
Línea 36: el nombre de la propiedad UserName de crystalreporte no es válido.
Línea 37: el nombre de la propiedad ReportSource de crystalreporte no es válido.
Línea 38: el nombre de la propiedad PrintFileLinesPerPage de crystalreporte no es válido.
Línea 238: el nombre de la propiedad DisplayGroupTree de CRViewer1 no es válido.
Línea 239: el nombre de la propiedad DisplayToolbar de CRViewer1 no es válido.
Línea 240: el nombre de la propiedad EnableGroupTree de CRViewer1 no es válido.
Línea 241: el nombre de la propiedad EnableNavigationControls de CRViewer1 no es válido.
Línea 242: el nombre de la propiedad EnableStopButton de CRViewer1 no es válido.
Línea 243: el nombre de la propiedad EnablePrintButton de CRViewer1 no es válido.
Línea 244: el nombre de la propiedad EnableZoomControl de CRViewer1 no es válido.
Línea 245: el nombre de la propiedad EnableCloseButton de CRViewer1 no es válido.
Línea 246: el nombre de la propiedad EnableProgressControl de CRViewer1 no es válido.
Línea 247: el nombre de la propiedad EnableSearchControl de CRViewer1 no es válido.
Línea 248: el nombre de la propiedad EnableRefreshButton de CRViewer1 no es válido.
Línea 249: el nombre de la propiedad EnableDrillDown de CRViewer1 no es válido.
Línea 250: el nombre de la propiedad EnableAnimationControl de CRViewer1 no es válido.
Línea 251: el nombre de la propiedad EnableSelectExpertButton de CRViewer1 no es válido.
Línea 252: el nombre de la propiedad EnableToolbar de CRViewer1 no es válido.
Línea 253: el nombre de la propiedad DisplayBorder de CRViewer1 no es válido.
Línea 254: el nombre de la propiedad DisplayTabs de CRViewer1 no es válido.
Línea 255: el nombre de la propiedad DisplayBackgroundEdge de CRViewer1 no es válido.
Línea 256: el nombre de la propiedad SelectionFormula de CRViewer1 no es válido.
Línea 257: el nombre de la propiedad EnablePopupMenu de CRViewer1 no es válido.
Línea 258: el nombre de la propiedad EnableExportButton de CRViewer1 no es válido.
Línea 259: el nombre de la propiedad EnableSearchExpertButton de CRViewer1 no es válido.
Línea 260: el nombre de la propiedad EnableHelpButton de CRViewer1 no es válido.
Línea 26: el nombre de la propiedad Bindings de crystalreporte no es válido.
Línea 29: el nombre de la propiedad _ExtentX de crystalreporte no es válido.
Línea 30: el nombre de la propiedad _ExtentY de crystalreporte no es válido.
Línea 31: el nombre de la propiedad _Version de crystalreporte no es válido.
Línea 32: el nombre de la propiedad ReportFileName de crystalreporte no es válido.
Línea 33: el nombre de la propiedad WindowControlBox de crystalreporte no es válido.
Línea 34: el nombre de la propiedad WindowMaxButton de crystalreporte no es válido.
Línea 35: el nombre de la propiedad WindowMinButton de crystalreporte no es válido.
Línea 36: el nombre de la propiedad UserName de crystalreporte no es válido.
Línea 37: el nombre de la propiedad ReportSource de crystalreporte no es válido.
Línea 38: el nombre de la propiedad PrintFileLinesPerPage de crystalreporte no es válido.
Línea 238: el nombre de la propiedad DisplayGroupTree de CRViewer1 no es válido.
Línea 239: el nombre de la propiedad DisplayToolbar de CRViewer1 no es válido.
Línea 240: el nombre de la propiedad EnableGroupTree de CRViewer1 no es válido.
Línea 241: el nombre de la propiedad EnableNavigationControls de CRViewer1 no es válido.
Línea 242: el nombre de la propiedad EnableStopButton de CRViewer1 no es válido.
Línea 243: el nombre de la propiedad EnablePrintButton de CRViewer1 no es válido.
Línea 244: el nombre de la propiedad EnableZoomControl de CRViewer1 no es válido.
Línea 245: el nombre de la propiedad EnableCloseButton de CRViewer1 no es válido.
Línea 246: el nombre de la propiedad EnableProgressControl de CRViewer1 no es válido.
Línea 247: el nombre de la propiedad EnableSearchControl de CRViewer1 no es válido.
Línea 248: el nombre de la propiedad EnableRefreshButton de CRViewer1 no es válido.
Línea 249: el nombre de la propiedad EnableDrillDown de CRViewer1 no es válido.
Línea 250: el nombre de la propiedad EnableAnimationControl de CRViewer1 no es válido.
Línea 251: el nombre de la propiedad EnableSelectExpertButton de CRViewer1 no es válido.
Línea 252: el nombre de la propiedad EnableToolbar de CRViewer1 no es válido.
Línea 253: el nombre de la propiedad DisplayBorder de CRViewer1 no es válido.
Línea 254: el nombre de la propiedad DisplayTabs de CRViewer1 no es válido.
Línea 255: el nombre de la propiedad DisplayBackgroundEdge de CRViewer1 no es válido.
Línea 256: el nombre de la propiedad SelectionFormula de CRViewer1 no es válido.
Línea 257: el nombre de la propiedad EnablePopupMenu de CRViewer1 no es válido.
Línea 258: el nombre de la propiedad EnableExportButton de CRViewer1 no es válido.
Línea 259: el nombre de la propiedad EnableSearchExpertButton de CRViewer1 no es válido.
Línea 260: el nombre de la propiedad EnableHelpButton de CRViewer1 no es válido.
