Línea 1407: la clase MSDataGridLib.DataGrid del control DataGrid2 no era una clase de control cargada.
Línea 1576: la clase MSMask.MaskEdBox del control Maskfecha no era una clase de control cargada.
Línea 1592: la clase MSDataGridLib.DataGrid del control DataGrid1 no era una clase de control cargada.
Línea 2057: la clase MSAdodcLib.Adodc del control datPrimaryRS no era una clase de control cargada.
Línea 2105: la clase MSMask.MaskEdBox del control Maskcomprobante no era una clase de control cargada.
Línea 2156: la clase MSComCtl2.DTPicker del control desde no era una clase de control cargada.
Línea 2178: la clase MSComCtl2.DTPicker del control hasta no era una clase de control cargada.
Línea 2240: la clase MSAdodcLib.Adodc del control datcuentas no era una clase de control cargada.
Línea 2288: la clase MSAdodcLib.Adodc del control datcolumnas no era una clase de control cargada.
Línea 2357: la clase MSDataGridLib.DataGrid del control DataGrid3 no era una clase de control cargada.
Línea 2423: la clase MSAdodcLib.Adodc del control datproveedores no era una clase de control cargada.
Línea 2531: la clase MSAdodcLib.Adodc del control datmaestro no era una clase de control cargada.
Línea 2578: la clase MSAdodcLib.Adodc del control datasiento no era una clase de control cargada.
Línea 2625: la clase MSAdodcLib.Adodc del control datperiodo no era una clase de control cargada.
Línea 2672: la clase MSAdodcLib.Adodc del control datlistacostos no era una clase de control cargada.
Línea 2719: la clase MSAdodcLib.Adodc del control datccostos no era una clase de control cargada.
Línea 2766: la clase MSAdodcLib.Adodc del control datbusca no era una clase de control cargada.
Línea 2813: la clase vbskpro.Skinner del control Skinner1 no era una clase de control cargada.
Línea 2851: la clase Crystal.CrystalReport del control CrystalReporte no era una clase de control cargada.
Línea 2860: la clase MSRDC.MSRDC del control reporte no era una clase de control cargada.
Línea 2907: la clase MSRDC.MSRDC del control MSRDC1 no era una clase de control cargada.
Línea 2954: la clase MSMask.MaskEdBox del control MaskEdBox1 no era una clase de control cargada.
Línea 1408: el nombre de la propiedad Bindings de DataGrid2 no es válido.
Línea 1415: el nombre de la propiedad _ExtentX de DataGrid2 no es válido.
Línea 1416: el nombre de la propiedad _ExtentY de DataGrid2 no es válido.
Línea 1417: el nombre de la propiedad _Version de DataGrid2 no es válido.
Línea 1418: el nombre de la propiedad HeadLines de DataGrid2 no es válido.
Línea 1419: el nombre de la propiedad RowHeight de DataGrid2 no es válido.
Línea 1428: el nombre de la propiedad HeadFont de DataGrid2 no es válido.
Línea 1438: el nombre de la propiedad ColumnCount de DataGrid2 no es válido.
Línea 1451: el nombre de la propiedad Column00 de DataGrid2 no es válido.
Línea 1464: el nombre de la propiedad Column01 de DataGrid2 no es válido.
Línea 1465: el nombre de la propiedad SplitCount de DataGrid2 no es válido.
Línea 1471: el nombre de la propiedad Split0 de DataGrid2 no es válido.
Línea 1584: el nombre de la propiedad _ExtentX de Maskfecha no es válido.
Línea 1585: el nombre de la propiedad _ExtentY de Maskfecha no es válido.
Línea 1586: el nombre de la propiedad _Version de Maskfecha no es válido.
Línea 1587: el nombre de la propiedad AllowPrompt de Maskfecha no es válido.
Línea 1589: el nombre de la propiedad Format de Maskfecha no es válido.
Línea 1590: el nombre de la propiedad PromptChar de Maskfecha no es válido.
Línea 1593: el nombre de la propiedad Bindings de DataGrid1 no es válido.
Línea 1600: el nombre de la propiedad _ExtentX de DataGrid1 no es válido.
Línea 1601: el nombre de la propiedad _ExtentY de DataGrid1 no es válido.
Línea 1602: el nombre de la propiedad _Version de DataGrid1 no es válido.
Línea 1603: el nombre de la propiedad AllowUpdate de DataGrid1 no es válido.
Línea 1604: el nombre de la propiedad AllowArrows de DataGrid1 no es válido.
Línea 1606: el nombre de la propiedad HeadLines de DataGrid1 no es válido.
Línea 1607: el nombre de la propiedad RowHeight de DataGrid1 no es válido.
Línea 1608: el nombre de la propiedad TabAction de DataGrid1 no es válido.
Línea 1609: el nombre de la propiedad WrapCellPointer de DataGrid1 no es válido.
Línea 1610: el nombre de la propiedad FormatLocked de DataGrid1 no es válido.
Línea 1619: el nombre de la propiedad HeadFont de DataGrid1 no es válido.
Línea 1629: el nombre de la propiedad ColumnCount de DataGrid1 no es válido.
Línea 1642: el nombre de la propiedad Column00 de DataGrid1 no es válido.
Línea 1655: el nombre de la propiedad Column01 de DataGrid1 no es válido.
Línea 1668: el nombre de la propiedad Column02 de DataGrid1 no es válido.
Línea 1681: el nombre de la propiedad Column03 de DataGrid1 no es válido.
Línea 1694: el nombre de la propiedad Column04 de DataGrid1 no es válido.
Línea 1707: el nombre de la propiedad Column05 de DataGrid1 no es válido.
Línea 1720: el nombre de la propiedad Column06 de DataGrid1 no es válido.
Línea 1733: el nombre de la propiedad Column07 de DataGrid1 no es válido.
Línea 1746: el nombre de la propiedad Column08 de DataGrid1 no es válido.
Línea 1759: el nombre de la propiedad Column09 de DataGrid1 no es válido.
Línea 1772: el nombre de la propiedad Column10 de DataGrid1 no es válido.
Línea 1785: el nombre de la propiedad Column11 de DataGrid1 no es válido.
Línea 1798: el nombre de la propiedad Column12 de DataGrid1 no es válido.
Línea 1811: el nombre de la propiedad Column13 de DataGrid1 no es válido.
Línea 1824: el nombre de la propiedad Column14 de DataGrid1 no es válido.
Línea 1837: el nombre de la propiedad Column15 de DataGrid1 no es válido.
Línea 1850: el nombre de la propiedad Column16 de DataGrid1 no es válido.
Línea 1863: el nombre de la propiedad Column17 de DataGrid1 no es válido.
Línea 1876: el nombre de la propiedad Column18 de DataGrid1 no es válido.
Línea 1889: el nombre de la propiedad Column19 de DataGrid1 no es válido.
Línea 1902: el nombre de la propiedad Column20 de DataGrid1 no es válido.
Línea 1915: el nombre de la propiedad Column21 de DataGrid1 no es válido.
Línea 1928: el nombre de la propiedad Column22 de DataGrid1 no es válido.
Línea 1941: el nombre de la propiedad Column23 de DataGrid1 no es válido.
Línea 1942: el nombre de la propiedad SplitCount de DataGrid1 no es válido.
Línea 2055: el nombre de la propiedad Split0 de DataGrid1 no es válido.
Línea 2064: el nombre de la propiedad _ExtentX de datPrimaryRS no es válido.
Línea 2065: el nombre de la propiedad _ExtentY de datPrimaryRS no es válido.
Línea 2066: el nombre de la propiedad ConnectMode de datPrimaryRS no es válido.
Línea 2067: el nombre de la propiedad CursorLocation de datPrimaryRS no es válido.
Línea 2068: el nombre de la propiedad IsolationLevel de datPrimaryRS no es válido.
Línea 2069: el nombre de la propiedad ConnectionTimeout de datPrimaryRS no es válido.
Línea 2070: el nombre de la propiedad CommandTimeout de datPrimaryRS no es válido.
Línea 2071: el nombre de la propiedad CursorType de datPrimaryRS no es válido.
Línea 2072: el nombre de la propiedad LockType de datPrimaryRS no es válido.
Línea 2073: el nombre de la propiedad CommandType de datPrimaryRS no es válido.
Línea 2074: el nombre de la propiedad CursorOptions de datPrimaryRS no es válido.
Línea 2075: el nombre de la propiedad CacheSize de datPrimaryRS no es válido.
Línea 2076: el nombre de la propiedad MaxRecords de datPrimaryRS no es válido.
Línea 2077: el nombre de la propiedad BOFAction de datPrimaryRS no es válido.
Línea 2078: el nombre de la propiedad EOFAction de datPrimaryRS no es válido.
Línea 2079: el nombre de la propiedad ConnectStringType de datPrimaryRS no es válido.
Línea 2083: el nombre de la propiedad Orientation de datPrimaryRS no es válido.
Línea 2085: el nombre de la propiedad Connect de datPrimaryRS no es válido.
Línea 2086: el nombre de la propiedad OLEDBString de datPrimaryRS no es válido.
Línea 2087: el nombre de la propiedad OLEDBFile de datPrimaryRS no es válido.
Línea 2088: el nombre de la propiedad DataSourceName de datPrimaryRS no es válido.
Línea 2089: el nombre de la propiedad OtherAttributes de datPrimaryRS no es válido.
Línea 2090: el nombre de la propiedad UserName de datPrimaryRS no es válido.
Línea 2091: el nombre de la propiedad Password de datPrimaryRS no es válido.
Línea 2092: el nombre de la propiedad RecordSource de datPrimaryRS no es válido.
Línea 2093: el nombre de la propiedad Caption de datPrimaryRS no es válido.
Línea 2103: el nombre de la propiedad _Version de datPrimaryRS no es válido.
Línea 2113: el nombre de la propiedad _ExtentX de Maskcomprobante no es válido.
Línea 2114: el nombre de la propiedad _ExtentY de Maskcomprobante no es válido.
Línea 2115: el nombre de la propiedad _Version de Maskcomprobante no es válido.
Línea 2116: el nombre de la propiedad AllowPrompt de Maskcomprobante no es válido.
Línea 2118: el nombre de la propiedad PromptChar de Maskcomprobante no es válido.
Línea 2162: el nombre de la propiedad _ExtentX de desde no es válido.
Línea 2163: el nombre de la propiedad _ExtentY de desde no es válido.
Línea 2164: el nombre de la propiedad _Version de desde no es válido.
Línea 2174: el nombre de la propiedad CalendarBackColor de desde no es válido.
Línea 2175: el nombre de la propiedad Format de desde no es válido.
Línea 2176: el nombre de la propiedad CurrentDate de desde no es válido.
Línea 2184: el nombre de la propiedad _ExtentX de hasta no es válido.
Línea 2185: el nombre de la propiedad _ExtentY de hasta no es válido.
Línea 2186: el nombre de la propiedad _Version de hasta no es válido.
Línea 2196: el nombre de la propiedad CalendarBackColor de hasta no es válido.
Línea 2197: el nombre de la propiedad Format de hasta no es válido.
Línea 2198: el nombre de la propiedad CurrentDate de hasta no es válido.
Línea 2246: el nombre de la propiedad _ExtentX de datcuentas no es válido.
Línea 2247: el nombre de la propiedad _ExtentY de datcuentas no es válido.
Línea 2248: el nombre de la propiedad ConnectMode de datcuentas no es válido.
Línea 2249: el nombre de la propiedad CursorLocation de datcuentas no es válido.
Línea 2250: el nombre de la propiedad IsolationLevel de datcuentas no es válido.
Línea 2251: el nombre de la propiedad ConnectionTimeout de datcuentas no es válido.
Línea 2252: el nombre de la propiedad CommandTimeout de datcuentas no es válido.
Línea 2253: el nombre de la propiedad CursorType de datcuentas no es válido.
Línea 2254: el nombre de la propiedad LockType de datcuentas no es válido.
Línea 2255: el nombre de la propiedad CommandType de datcuentas no es válido.
Línea 2256: el nombre de la propiedad CursorOptions de datcuentas no es válido.
Línea 2257: el nombre de la propiedad CacheSize de datcuentas no es válido.
Línea 2258: el nombre de la propiedad MaxRecords de datcuentas no es válido.
Línea 2259: el nombre de la propiedad BOFAction de datcuentas no es válido.
Línea 2260: el nombre de la propiedad EOFAction de datcuentas no es válido.
Línea 2261: el nombre de la propiedad ConnectStringType de datcuentas no es válido.
Línea 2265: el nombre de la propiedad Orientation de datcuentas no es válido.
Línea 2267: el nombre de la propiedad Connect de datcuentas no es válido.
Línea 2268: el nombre de la propiedad OLEDBString de datcuentas no es válido.
Línea 2269: el nombre de la propiedad OLEDBFile de datcuentas no es válido.
Línea 2270: el nombre de la propiedad DataSourceName de datcuentas no es válido.
Línea 2271: el nombre de la propiedad OtherAttributes de datcuentas no es válido.
Línea 2272: el nombre de la propiedad UserName de datcuentas no es válido.
Línea 2273: el nombre de la propiedad Password de datcuentas no es válido.
Línea 2274: el nombre de la propiedad RecordSource de datcuentas no es válido.
Línea 2275: el nombre de la propiedad Caption de datcuentas no es válido.
Línea 2285: el nombre de la propiedad _Version de datcuentas no es válido.
Línea 2294: el nombre de la propiedad _ExtentX de datcolumnas no es válido.
Línea 2295: el nombre de la propiedad _ExtentY de datcolumnas no es válido.
Línea 2296: el nombre de la propiedad ConnectMode de datcolumnas no es válido.
Línea 2297: el nombre de la propiedad CursorLocation de datcolumnas no es válido.
Línea 2298: el nombre de la propiedad IsolationLevel de datcolumnas no es válido.
Línea 2299: el nombre de la propiedad ConnectionTimeout de datcolumnas no es válido.
Línea 2300: el nombre de la propiedad CommandTimeout de datcolumnas no es válido.
Línea 2301: el nombre de la propiedad CursorType de datcolumnas no es válido.
Línea 2302: el nombre de la propiedad LockType de datcolumnas no es válido.
Línea 2303: el nombre de la propiedad CommandType de datcolumnas no es válido.
Línea 2304: el nombre de la propiedad CursorOptions de datcolumnas no es válido.
Línea 2305: el nombre de la propiedad CacheSize de datcolumnas no es válido.
Línea 2306: el nombre de la propiedad MaxRecords de datcolumnas no es válido.
Línea 2307: el nombre de la propiedad BOFAction de datcolumnas no es válido.
Línea 2308: el nombre de la propiedad EOFAction de datcolumnas no es válido.
Línea 2309: el nombre de la propiedad ConnectStringType de datcolumnas no es válido.
Línea 2313: el nombre de la propiedad Orientation de datcolumnas no es válido.
Línea 2315: el nombre de la propiedad Connect de datcolumnas no es válido.
Línea 2316: el nombre de la propiedad OLEDBString de datcolumnas no es válido.
Línea 2317: el nombre de la propiedad OLEDBFile de datcolumnas no es válido.
Línea 2318: el nombre de la propiedad DataSourceName de datcolumnas no es válido.
Línea 2319: el nombre de la propiedad OtherAttributes de datcolumnas no es válido.
Línea 2320: el nombre de la propiedad UserName de datcolumnas no es válido.
Línea 2321: el nombre de la propiedad Password de datcolumnas no es válido.
Línea 2322: el nombre de la propiedad RecordSource de datcolumnas no es válido.
Línea 2323: el nombre de la propiedad Caption de datcolumnas no es válido.
Línea 2333: el nombre de la propiedad _Version de datcolumnas no es válido.
Línea 2358: el nombre de la propiedad Bindings de DataGrid3 no es válido.
Línea 2365: el nombre de la propiedad _ExtentX de DataGrid3 no es válido.
Línea 2366: el nombre de la propiedad _ExtentY de DataGrid3 no es válido.
Línea 2367: el nombre de la propiedad _Version de DataGrid3 no es válido.
Línea 2368: el nombre de la propiedad HeadLines de DataGrid3 no es válido.
Línea 2369: el nombre de la propiedad RowHeight de DataGrid3 no es válido.
Línea 2378: el nombre de la propiedad HeadFont de DataGrid3 no es válido.
Línea 2388: el nombre de la propiedad ColumnCount de DataGrid3 no es válido.
Línea 2401: el nombre de la propiedad Column00 de DataGrid3 no es válido.
Línea 2414: el nombre de la propiedad Column01 de DataGrid3 no es válido.
Línea 2415: el nombre de la propiedad SplitCount de DataGrid3 no es válido.
Línea 2421: el nombre de la propiedad Split0 de DataGrid3 no es válido.
Línea 2429: el nombre de la propiedad _ExtentX de datproveedores no es válido.
Línea 2430: el nombre de la propiedad _ExtentY de datproveedores no es válido.
Línea 2431: el nombre de la propiedad ConnectMode de datproveedores no es válido.
Línea 2432: el nombre de la propiedad CursorLocation de datproveedores no es válido.
Línea 2433: el nombre de la propiedad IsolationLevel de datproveedores no es válido.
Línea 2434: el nombre de la propiedad ConnectionTimeout de datproveedores no es válido.
Línea 2435: el nombre de la propiedad CommandTimeout de datproveedores no es válido.
Línea 2436: el nombre de la propiedad CursorType de datproveedores no es válido.
Línea 2437: el nombre de la propiedad LockType de datproveedores no es válido.
Línea 2438: el nombre de la propiedad CommandType de datproveedores no es válido.
Línea 2439: el nombre de la propiedad CursorOptions de datproveedores no es válido.
Línea 2440: el nombre de la propiedad CacheSize de datproveedores no es válido.
Línea 2441: el nombre de la propiedad MaxRecords de datproveedores no es válido.
Línea 2442: el nombre de la propiedad BOFAction de datproveedores no es válido.
Línea 2443: el nombre de la propiedad EOFAction de datproveedores no es válido.
Línea 2444: el nombre de la propiedad ConnectStringType de datproveedores no es válido.
Línea 2448: el nombre de la propiedad Orientation de datproveedores no es válido.
Línea 2450: el nombre de la propiedad Connect de datproveedores no es válido.
Línea 2451: el nombre de la propiedad OLEDBString de datproveedores no es válido.
Línea 2452: el nombre de la propiedad OLEDBFile de datproveedores no es válido.
Línea 2453: el nombre de la propiedad DataSourceName de datproveedores no es válido.
Línea 2454: el nombre de la propiedad OtherAttributes de datproveedores no es válido.
Línea 2455: el nombre de la propiedad UserName de datproveedores no es válido.
Línea 2456: el nombre de la propiedad Password de datproveedores no es válido.
Línea 2457: el nombre de la propiedad RecordSource de datproveedores no es válido.
Línea 2458: el nombre de la propiedad Caption de datproveedores no es válido.
Línea 2468: el nombre de la propiedad _Version de datproveedores no es válido.
Línea 2537: el nombre de la propiedad _ExtentX de datmaestro no es válido.
Línea 2538: el nombre de la propiedad _ExtentY de datmaestro no es válido.
Línea 2539: el nombre de la propiedad ConnectMode de datmaestro no es válido.
Línea 2540: el nombre de la propiedad CursorLocation de datmaestro no es válido.
Línea 2541: el nombre de la propiedad IsolationLevel de datmaestro no es válido.
Línea 2542: el nombre de la propiedad ConnectionTimeout de datmaestro no es válido.
Línea 2543: el nombre de la propiedad CommandTimeout de datmaestro no es válido.
Línea 2544: el nombre de la propiedad CursorType de datmaestro no es válido.
Línea 2545: el nombre de la propiedad LockType de datmaestro no es válido.
Línea 2546: el nombre de la propiedad CommandType de datmaestro no es válido.
Línea 2547: el nombre de la propiedad CursorOptions de datmaestro no es válido.
Línea 2548: el nombre de la propiedad CacheSize de datmaestro no es válido.
Línea 2549: el nombre de la propiedad MaxRecords de datmaestro no es válido.
Línea 2550: el nombre de la propiedad BOFAction de datmaestro no es válido.
Línea 2551: el nombre de la propiedad EOFAction de datmaestro no es válido.
Línea 2552: el nombre de la propiedad ConnectStringType de datmaestro no es válido.
Línea 2556: el nombre de la propiedad Orientation de datmaestro no es válido.
Línea 2558: el nombre de la propiedad Connect de datmaestro no es válido.
Línea 2559: el nombre de la propiedad OLEDBString de datmaestro no es válido.
Línea 2560: el nombre de la propiedad OLEDBFile de datmaestro no es válido.
Línea 2561: el nombre de la propiedad DataSourceName de datmaestro no es válido.
Línea 2562: el nombre de la propiedad OtherAttributes de datmaestro no es válido.
Línea 2563: el nombre de la propiedad UserName de datmaestro no es válido.
Línea 2564: el nombre de la propiedad Password de datmaestro no es válido.
Línea 2565: el nombre de la propiedad RecordSource de datmaestro no es válido.
Línea 2566: el nombre de la propiedad Caption de datmaestro no es válido.
Línea 2576: el nombre de la propiedad _Version de datmaestro no es válido.
Línea 2584: el nombre de la propiedad _ExtentX de datasiento no es válido.
Línea 2585: el nombre de la propiedad _ExtentY de datasiento no es válido.
Línea 2586: el nombre de la propiedad ConnectMode de datasiento no es válido.
Línea 2587: el nombre de la propiedad CursorLocation de datasiento no es válido.
Línea 2588: el nombre de la propiedad IsolationLevel de datasiento no es válido.
Línea 2589: el nombre de la propiedad ConnectionTimeout de datasiento no es válido.
Línea 2590: el nombre de la propiedad CommandTimeout de datasiento no es válido.
Línea 2591: el nombre de la propiedad CursorType de datasiento no es válido.
Línea 2592: el nombre de la propiedad LockType de datasiento no es válido.
Línea 2593: el nombre de la propiedad CommandType de datasiento no es válido.
Línea 2594: el nombre de la propiedad CursorOptions de datasiento no es válido.
Línea 2595: el nombre de la propiedad CacheSize de datasiento no es válido.
Línea 2596: el nombre de la propiedad MaxRecords de datasiento no es válido.
Línea 2597: el nombre de la propiedad BOFAction de datasiento no es válido.
Línea 2598: el nombre de la propiedad EOFAction de datasiento no es válido.
Línea 2599: el nombre de la propiedad ConnectStringType de datasiento no es válido.
Línea 2603: el nombre de la propiedad Orientation de datasiento no es válido.
Línea 2605: el nombre de la propiedad Connect de datasiento no es válido.
Línea 2606: el nombre de la propiedad OLEDBString de datasiento no es válido.
Línea 2607: el nombre de la propiedad OLEDBFile de datasiento no es válido.
Línea 2608: el nombre de la propiedad DataSourceName de datasiento no es válido.
Línea 2609: el nombre de la propiedad OtherAttributes de datasiento no es válido.
Línea 2610: el nombre de la propiedad UserName de datasiento no es válido.
Línea 2611: el nombre de la propiedad Password de datasiento no es válido.
Línea 2612: el nombre de la propiedad RecordSource de datasiento no es válido.
Línea 2613: el nombre de la propiedad Caption de datasiento no es válido.
Línea 2623: el nombre de la propiedad _Version de datasiento no es válido.
Línea 2631: el nombre de la propiedad _ExtentX de datperiodo no es válido.
Línea 2632: el nombre de la propiedad _ExtentY de datperiodo no es válido.
Línea 2633: el nombre de la propiedad ConnectMode de datperiodo no es válido.
Línea 2634: el nombre de la propiedad CursorLocation de datperiodo no es válido.
Línea 2635: el nombre de la propiedad IsolationLevel de datperiodo no es válido.
Línea 2636: el nombre de la propiedad ConnectionTimeout de datperiodo no es válido.
Línea 2637: el nombre de la propiedad CommandTimeout de datperiodo no es válido.
Línea 2638: el nombre de la propiedad CursorType de datperiodo no es válido.
Línea 2639: el nombre de la propiedad LockType de datperiodo no es válido.
Línea 2640: el nombre de la propiedad CommandType de datperiodo no es válido.
Línea 2641: el nombre de la propiedad CursorOptions de datperiodo no es válido.
Línea 2642: el nombre de la propiedad CacheSize de datperiodo no es válido.
Línea 2643: el nombre de la propiedad MaxRecords de datperiodo no es válido.
Línea 2644: el nombre de la propiedad BOFAction de datperiodo no es válido.
Línea 2645: el nombre de la propiedad EOFAction de datperiodo no es válido.
Línea 2646: el nombre de la propiedad ConnectStringType de datperiodo no es válido.
Línea 2650: el nombre de la propiedad Orientation de datperiodo no es válido.
Línea 2652: el nombre de la propiedad Connect de datperiodo no es válido.
Línea 2653: el nombre de la propiedad OLEDBString de datperiodo no es válido.
Línea 2654: el nombre de la propiedad OLEDBFile de datperiodo no es válido.
Línea 2655: el nombre de la propiedad DataSourceName de datperiodo no es válido.
Línea 2656: el nombre de la propiedad OtherAttributes de datperiodo no es válido.
Línea 2657: el nombre de la propiedad UserName de datperiodo no es válido.
Línea 2658: el nombre de la propiedad Password de datperiodo no es válido.
Línea 2659: el nombre de la propiedad RecordSource de datperiodo no es válido.
Línea 2660: el nombre de la propiedad Caption de datperiodo no es válido.
Línea 2670: el nombre de la propiedad _Version de datperiodo no es válido.
Línea 2678: el nombre de la propiedad _ExtentX de datlistacostos no es válido.
Línea 2679: el nombre de la propiedad _ExtentY de datlistacostos no es válido.
Línea 2680: el nombre de la propiedad ConnectMode de datlistacostos no es válido.
Línea 2681: el nombre de la propiedad CursorLocation de datlistacostos no es válido.
Línea 2682: el nombre de la propiedad IsolationLevel de datlistacostos no es válido.
Línea 2683: el nombre de la propiedad ConnectionTimeout de datlistacostos no es válido.
Línea 2684: el nombre de la propiedad CommandTimeout de datlistacostos no es válido.
Línea 2685: el nombre de la propiedad CursorType de datlistacostos no es válido.
Línea 2686: el nombre de la propiedad LockType de datlistacostos no es válido.
Línea 2687: el nombre de la propiedad CommandType de datlistacostos no es válido.
Línea 2688: el nombre de la propiedad CursorOptions de datlistacostos no es válido.
Línea 2689: el nombre de la propiedad CacheSize de datlistacostos no es válido.
Línea 2690: el nombre de la propiedad MaxRecords de datlistacostos no es válido.
Línea 2691: el nombre de la propiedad BOFAction de datlistacostos no es válido.
Línea 2692: el nombre de la propiedad EOFAction de datlistacostos no es válido.
Línea 2693: el nombre de la propiedad ConnectStringType de datlistacostos no es válido.
Línea 2697: el nombre de la propiedad Orientation de datlistacostos no es válido.
Línea 2699: el nombre de la propiedad Connect de datlistacostos no es válido.
Línea 2700: el nombre de la propiedad OLEDBString de datlistacostos no es válido.
Línea 2701: el nombre de la propiedad OLEDBFile de datlistacostos no es válido.
Línea 2702: el nombre de la propiedad DataSourceName de datlistacostos no es válido.
Línea 2703: el nombre de la propiedad OtherAttributes de datlistacostos no es válido.
Línea 2704: el nombre de la propiedad UserName de datlistacostos no es válido.
Línea 2705: el nombre de la propiedad Password de datlistacostos no es válido.
Línea 2706: el nombre de la propiedad RecordSource de datlistacostos no es válido.
Línea 2707: el nombre de la propiedad Caption de datlistacostos no es válido.
Línea 2717: el nombre de la propiedad _Version de datlistacostos no es válido.
Línea 2725: el nombre de la propiedad _ExtentX de datccostos no es válido.
Línea 2726: el nombre de la propiedad _ExtentY de datccostos no es válido.
Línea 2727: el nombre de la propiedad ConnectMode de datccostos no es válido.
Línea 2728: el nombre de la propiedad CursorLocation de datccostos no es válido.
Línea 2729: el nombre de la propiedad IsolationLevel de datccostos no es válido.
Línea 2730: el nombre de la propiedad ConnectionTimeout de datccostos no es válido.
Línea 2731: el nombre de la propiedad CommandTimeout de datccostos no es válido.
Línea 2732: el nombre de la propiedad CursorType de datccostos no es válido.
Línea 2733: el nombre de la propiedad LockType de datccostos no es válido.
Línea 2734: el nombre de la propiedad CommandType de datccostos no es válido.
Línea 2735: el nombre de la propiedad CursorOptions de datccostos no es válido.
Línea 2736: el nombre de la propiedad CacheSize de datccostos no es válido.
Línea 2737: el nombre de la propiedad MaxRecords de datccostos no es válido.
Línea 2738: el nombre de la propiedad BOFAction de datccostos no es válido.
Línea 2739: el nombre de la propiedad EOFAction de datccostos no es válido.
Línea 2740: el nombre de la propiedad ConnectStringType de datccostos no es válido.
Línea 2744: el nombre de la propiedad Orientation de datccostos no es válido.
Línea 2746: el nombre de la propiedad Connect de datccostos no es válido.
Línea 2747: el nombre de la propiedad OLEDBString de datccostos no es válido.
Línea 2748: el nombre de la propiedad OLEDBFile de datccostos no es válido.
Línea 2749: el nombre de la propiedad DataSourceName de datccostos no es válido.
Línea 2750: el nombre de la propiedad OtherAttributes de datccostos no es válido.
Línea 2751: el nombre de la propiedad UserName de datccostos no es válido.
Línea 2752: el nombre de la propiedad Password de datccostos no es válido.
Línea 2753: el nombre de la propiedad RecordSource de datccostos no es válido.
Línea 2754: el nombre de la propiedad Caption de datccostos no es válido.
Línea 2764: el nombre de la propiedad _Version de datccostos no es válido.
Línea 2772: el nombre de la propiedad _ExtentX de datbusca no es válido.
Línea 2773: el nombre de la propiedad _ExtentY de datbusca no es válido.
Línea 2774: el nombre de la propiedad ConnectMode de datbusca no es válido.
Línea 2775: el nombre de la propiedad CursorLocation de datbusca no es válido.
Línea 2776: el nombre de la propiedad IsolationLevel de datbusca no es válido.
Línea 2777: el nombre de la propiedad ConnectionTimeout de datbusca no es válido.
Línea 2778: el nombre de la propiedad CommandTimeout de datbusca no es válido.
Línea 2779: el nombre de la propiedad CursorType de datbusca no es válido.
Línea 2780: el nombre de la propiedad LockType de datbusca no es válido.
Línea 2781: el nombre de la propiedad CommandType de datbusca no es válido.
Línea 2782: el nombre de la propiedad CursorOptions de datbusca no es válido.
Línea 2783: el nombre de la propiedad CacheSize de datbusca no es válido.
Línea 2784: el nombre de la propiedad MaxRecords de datbusca no es válido.
Línea 2785: el nombre de la propiedad BOFAction de datbusca no es válido.
Línea 2786: el nombre de la propiedad EOFAction de datbusca no es válido.
Línea 2787: el nombre de la propiedad ConnectStringType de datbusca no es válido.
Línea 2791: el nombre de la propiedad Orientation de datbusca no es válido.
Línea 2793: el nombre de la propiedad Connect de datbusca no es válido.
Línea 2794: el nombre de la propiedad OLEDBString de datbusca no es válido.
Línea 2795: el nombre de la propiedad OLEDBFile de datbusca no es válido.
Línea 2796: el nombre de la propiedad DataSourceName de datbusca no es válido.
Línea 2797: el nombre de la propiedad OtherAttributes de datbusca no es válido.
Línea 2798: el nombre de la propiedad UserName de datbusca no es válido.
Línea 2799: el nombre de la propiedad Password de datbusca no es válido.
Línea 2800: el nombre de la propiedad RecordSource de datbusca no es válido.
Línea 2801: el nombre de la propiedad Caption de datbusca no es válido.
Línea 2811: el nombre de la propiedad _Version de datbusca no es válido.
Línea 2816: el nombre de la propiedad _ExtentX de Skinner1 no es válido.
Línea 2817: el nombre de la propiedad _ExtentY de Skinner1 no es válido.
Línea 2818: el nombre de la propiedad CloseButton de Skinner1 no es válido.
Línea 2819: el nombre de la propiedad MaxButton de Skinner1 no es válido.
Línea 2820: el nombre de la propiedad MinButton de Skinner1 no es válido.
Línea 2821: el nombre de la propiedad CloseButtonToolTipText de Skinner1 no es válido.
Línea 2822: el nombre de la propiedad MinButtonToolTipText de Skinner1 no es válido.
Línea 2823: el nombre de la propiedad MaxButtonToolTipText de Skinner1 no es válido.
Línea 2824: el nombre de la propiedad OldForeColor de Skinner1 no es válido.
Línea 2825: el nombre de la propiedad RestoreButtonToolTipText de Skinner1 no es válido.
Línea 2826: el nombre de la propiedad ChangeSkinButton de Skinner1 no es válido.
Línea 2827: el nombre de la propiedad MinToBarButtonToolTipText de Skinner1 no es válido.
Línea 2828: el nombre de la propiedad RestoreFromBarButtonToolTipText de Skinner1 no es válido.
Línea 2829: el nombre de la propiedad AlwaysOnTopButtonToolTipText de Skinner1 no es válido.
Línea 2830: el nombre de la propiedad AlwaysOnTopDownButtonToolTipText de Skinner1 no es válido.
Línea 2831: el nombre de la propiedad ChangeSkinButtonToolTipText de Skinner1 no es válido.
Línea 2832: el nombre de la propiedad HelpButtonToolTipText de Skinner1 no es válido.
Línea 2833: el nombre de la propiedad SysEnableSkinCaption de Skinner1 no es válido.
Línea 2834: el nombre de la propiedad SysDisableSkinCaption de Skinner1 no es válido.
Línea 2835: el nombre de la propiedad LcK1 de Skinner1 no es válido.
Línea 2836: el nombre de la propiedad LcK2 de Skinner1 no es válido.
Línea 2837: el nombre de la propiedad AmbientB de Skinner1 no es válido.
Línea 2838: el nombre de la propiedad ChSD_FormCaption de Skinner1 no es válido.
Línea 2839: el nombre de la propiedad ChSD_ManualSetFrameCaption de Skinner1 no es válido.
Línea 2840: el nombre de la propiedad ChSD_TitleBarSkinComboBoxCaption de Skinner1 no es válido.
Línea 2841: el nombre de la propiedad ChSD_TitleBarForeColorSetCaption de Skinner1 no es válido.
Línea 2842: el nombre de la propiedad ChSD_BodySkinComboBoxCaption de Skinner1 no es válido.
Línea 2843: el nombre de la propiedad ChSD_BodyForeColorSetCaption de Skinner1 no es válido.
Línea 2844: el nombre de la propiedad ChSD_ChangeForeColorCaption de Skinner1 no es válido.
Línea 2845: el nombre de la propiedad ChSD_SaveToFileCaption de Skinner1 no es válido.
Línea 2846: el nombre de la propiedad ChSD_LoadFromFileCaption de Skinner1 no es válido.
Línea 2847: el nombre de la propiedad ChSD_UseSkinFileCaption de Skinner1 no es válido.
Línea 2848: el nombre de la propiedad ChSD_OkCommandButtonCaption de Skinner1 no es válido.
Línea 2849: el nombre de la propiedad ChSD_CancelCommandButtonCaption de Skinner1 no es válido.
Línea 2854: el nombre de la propiedad _ExtentX de CrystalReporte no es válido.
Línea 2855: el nombre de la propiedad _ExtentY de CrystalReporte no es válido.
Línea 2856: el nombre de la propiedad _Version de CrystalReporte no es válido.
Línea 2857: el nombre de la propiedad WindowTitle de CrystalReporte no es válido.
Línea 2858: el nombre de la propiedad PrintFileLinesPerPage de CrystalReporte no es válido.
Línea 2866: el nombre de la propiedad _ExtentX de reporte no es válido.
Línea 2867: el nombre de la propiedad _ExtentY de reporte no es válido.
Línea 2868: el nombre de la propiedad _Version de reporte no es válido.
Línea 2869: el nombre de la propiedad Options de reporte no es válido.
Línea 2870: el nombre de la propiedad CursorDriver de reporte no es válido.
Línea 2871: el nombre de la propiedad BOFAction de reporte no es válido.
Línea 2872: el nombre de la propiedad EOFAction de reporte no es válido.
Línea 2873: el nombre de la propiedad RecordsetType de reporte no es válido.
Línea 2874: el nombre de la propiedad LockType de reporte no es válido.
Línea 2875: el nombre de la propiedad QueryType de reporte no es válido.
Línea 2876: el nombre de la propiedad Prompt de reporte no es válido.
Línea 2878: el nombre de la propiedad QueryTimeout de reporte no es válido.
Línea 2879: el nombre de la propiedad RowsetSize de reporte no es válido.
Línea 2880: el nombre de la propiedad LoginTimeout de reporte no es válido.
Línea 2881: el nombre de la propiedad KeysetSize de reporte no es válido.
Línea 2882: el nombre de la propiedad MaxRows de reporte no es válido.
Línea 2883: el nombre de la propiedad ErrorThreshold de reporte no es válido.
Línea 2884: el nombre de la propiedad BatchSize de reporte no es válido.
Línea 2888: el nombre de la propiedad ReadOnly de reporte no es válido.
Línea 2889: la propiedad Appearance de reporte tenía un valor no válido.
Línea 2890: el nombre de la propiedad DataSourceName de reporte no es válido.
Línea 2891: el nombre de la propiedad RecordSource de reporte no es válido.
Línea 2892: el nombre de la propiedad UserName de reporte no es válido.
Línea 2893: el nombre de la propiedad Password de reporte no es válido.
Línea 2894: el nombre de la propiedad Connect de reporte no es válido.
Línea 2895: el nombre de la propiedad LogMessages de reporte no es válido.
Línea 2896: el nombre de la propiedad Caption de reporte no es válido.
Línea 2913: el nombre de la propiedad _ExtentX de MSRDC1 no es válido.
Línea 2914: el nombre de la propiedad _ExtentY de MSRDC1 no es válido.
Línea 2915: el nombre de la propiedad _Version de MSRDC1 no es válido.
Línea 2916: el nombre de la propiedad Options de MSRDC1 no es válido.
Línea 2917: el nombre de la propiedad CursorDriver de MSRDC1 no es válido.
Línea 2918: el nombre de la propiedad BOFAction de MSRDC1 no es válido.
Línea 2919: el nombre de la propiedad EOFAction de MSRDC1 no es válido.
Línea 2920: el nombre de la propiedad RecordsetType de MSRDC1 no es válido.
Línea 2921: el nombre de la propiedad LockType de MSRDC1 no es válido.
Línea 2922: el nombre de la propiedad QueryType de MSRDC1 no es válido.
Línea 2923: el nombre de la propiedad Prompt de MSRDC1 no es válido.
Línea 2925: el nombre de la propiedad QueryTimeout de MSRDC1 no es válido.
Línea 2926: el nombre de la propiedad RowsetSize de MSRDC1 no es válido.
Línea 2927: el nombre de la propiedad LoginTimeout de MSRDC1 no es válido.
Línea 2928: el nombre de la propiedad KeysetSize de MSRDC1 no es válido.
Línea 2929: el nombre de la propiedad MaxRows de MSRDC1 no es válido.
Línea 2930: el nombre de la propiedad ErrorThreshold de MSRDC1 no es válido.
Línea 2931: el nombre de la propiedad BatchSize de MSRDC1 no es válido.
Línea 2935: el nombre de la propiedad ReadOnly de MSRDC1 no es válido.
Línea 2936: la propiedad Appearance de MSRDC1 tenía un valor no válido.
Línea 2937: el nombre de la propiedad DataSourceName de MSRDC1 no es válido.
Línea 2938: el nombre de la propiedad RecordSource de MSRDC1 no es válido.
Línea 2939: el nombre de la propiedad UserName de MSRDC1 no es válido.
Línea 2940: el nombre de la propiedad Password de MSRDC1 no es válido.
Línea 2941: el nombre de la propiedad Connect de MSRDC1 no es válido.
Línea 2942: el nombre de la propiedad LogMessages de MSRDC1 no es válido.
Línea 2943: el nombre de la propiedad Caption de MSRDC1 no es válido.
Línea 2960: el nombre de la propiedad _ExtentX de MaskEdBox1 no es válido.
Línea 2961: el nombre de la propiedad _ExtentY de MaskEdBox1 no es válido.
Línea 2962: el nombre de la propiedad _Version de MaskEdBox1 no es válido.
Línea 2963: el nombre de la propiedad AllowPrompt de MaskEdBox1 no es válido.
Línea 2964: el nombre de la propiedad MaxLength de MaskEdBox1 no es válido.
Línea 2965: el nombre de la propiedad Mask de MaskEdBox1 no es válido.
Línea 2966: el nombre de la propiedad PromptChar de MaskEdBox1 no es válido.
