Línea 2488: la clase Project1.jeffMaskedEdit del control Text8 no era una clase de control cargada.
Línea 2503: la clase Project1.jeffMaskedEdit del control Text8 no era una clase de control cargada.
Línea 2518: la clase Project1.jeffMaskedEdit del control Text8 no era una clase de control cargada.
Línea 2533: la clase Project1.jeffMaskedEdit del control Text8 no era una clase de control cargada.
Línea 2548: la clase Project1.jeffMaskedEdit del control Text8 no era una clase de control cargada.
Línea 2563: la clase Project1.jeffMaskedEdit del control Text8 no era una clase de control cargada.
Línea 2578: la clase Project1.jeffMaskedEdit del control Text8 no era una clase de control cargada.
Línea 2495: el nombre de la propiedad _extentx de Text8 no es válido.
Línea 2496: el nombre de la propiedad _extenty de Text8 no es válido.
Línea 2499: el nombre de la propiedad format de Text8 no es válido.
Línea 2500: el nombre de la propiedad seltext de Text8 no es válido.
Línea 2501: el nombre de la propiedad alignment de Text8 no es válido.
Línea 2488: no se pudo establecer la propiedad MouseIcon de Text8.
Línea 2488: no se pudo establecer la propiedad Font de Text8.
Línea 2510: el nombre de la propiedad _extentx de Text8 no es válido.
Línea 2511: el nombre de la propiedad _extenty de Text8 no es válido.
Línea 2514: el nombre de la propiedad format de Text8 no es válido.
Línea 2515: el nombre de la propiedad seltext de Text8 no es válido.
Línea 2516: el nombre de la propiedad alignment de Text8 no es válido.
Línea 2503: no se pudo establecer la propiedad MouseIcon de Text8.
Línea 2503: no se pudo establecer la propiedad Font de Text8.
Línea 2525: el nombre de la propiedad _extentx de Text8 no es válido.
Línea 2526: el nombre de la propiedad _extenty de Text8 no es válido.
Línea 2529: el nombre de la propiedad format de Text8 no es válido.
Línea 2530: el nombre de la propiedad seltext de Text8 no es válido.
Línea 2531: el nombre de la propiedad alignment de Text8 no es válido.
Línea 2518: no se pudo establecer la propiedad MouseIcon de Text8.
Línea 2518: no se pudo establecer la propiedad Font de Text8.
Línea 2540: el nombre de la propiedad _extentx de Text8 no es válido.
Línea 2541: el nombre de la propiedad _extenty de Text8 no es válido.
Línea 2544: el nombre de la propiedad format de Text8 no es válido.
Línea 2545: el nombre de la propiedad seltext de Text8 no es válido.
Línea 2546: el nombre de la propiedad alignment de Text8 no es válido.
Línea 2533: no se pudo establecer la propiedad MouseIcon de Text8.
Línea 2533: no se pudo establecer la propiedad Font de Text8.
Línea 2555: el nombre de la propiedad _extentx de Text8 no es válido.
Línea 2556: el nombre de la propiedad _extenty de Text8 no es válido.
Línea 2559: el nombre de la propiedad format de Text8 no es válido.
Línea 2560: el nombre de la propiedad seltext de Text8 no es válido.
Línea 2561: el nombre de la propiedad alignment de Text8 no es válido.
Línea 2548: no se pudo establecer la propiedad MouseIcon de Text8.
Línea 2548: no se pudo establecer la propiedad Font de Text8.
Línea 2570: el nombre de la propiedad _extentx de Text8 no es válido.
Línea 2571: el nombre de la propiedad _extenty de Text8 no es válido.
Línea 2574: el nombre de la propiedad format de Text8 no es válido.
Línea 2575: el nombre de la propiedad seltext de Text8 no es válido.
Línea 2576: el nombre de la propiedad alignment de Text8 no es válido.
Línea 2563: no se pudo establecer la propiedad MouseIcon de Text8.
Línea 2563: no se pudo establecer la propiedad Font de Text8.
Línea 2585: el nombre de la propiedad _extentx de Text8 no es válido.
Línea 2586: el nombre de la propiedad _extenty de Text8 no es válido.
Línea 2589: el nombre de la propiedad format de Text8 no es válido.
Línea 2590: el nombre de la propiedad seltext de Text8 no es válido.
Línea 2591: el nombre de la propiedad alignment de Text8 no es válido.
Línea 2578: no se pudo establecer la propiedad MouseIcon de Text8.
Línea 2578: no se pudo establecer la propiedad Font de Text8.
