Línea 118: la clase Project1.jeffMaskedEdit del control impfactura no era una clase de control cargada.
Línea 200: la clase Project1.jeffMaskedEdit del control saldocompro no era una clase de control cargada.
Línea 2386: la clase Project1.jeffMaskedEdit del control saldocompro no era una clase de control cargada.
Línea 2401: la clase Project1.jeffMaskedEdit del control saldocompro no era una clase de control cargada.
Línea 2416: la clase Project1.jeffMaskedEdit del control saldocompro no era una clase de control cargada.
Línea 2431: la clase Project1.jeffMaskedEdit del control saldocompro no era una clase de control cargada.
Línea 2446: la clase Project1.jeffMaskedEdit del control saldocompro no era una clase de control cargada.
Línea 2461: la clase Project1.jeffMaskedEdit del control saldocompro no era una clase de control cargada.
Línea 2476: la clase Project1.jeffMaskedEdit del control saldocompro no era una clase de control cargada.
Línea 2547: la clase Project1.jeffMaskedEdit del control saldolista no era una clase de control cargada.
Línea 2561: la clase Project1.jeffMaskedEdit del control totalorden no era una clase de control cargada.
Línea 124: el nombre de la propiedad _ExtentX de impfactura no es válido.
Línea 125: el nombre de la propiedad _ExtentY de impfactura no es válido.
Línea 136: el nombre de la propiedad Format de impfactura no es válido.
Línea 137: el nombre de la propiedad SelText de impfactura no es válido.
Línea 138: el nombre de la propiedad HideSelection de impfactura no es válido.
Línea 139: el nombre de la propiedad Alignment de impfactura no es válido.
Línea 118: no se pudo establecer la propiedad MouseIcon de impfactura.
Línea 207: el nombre de la propiedad _extentx de saldocompro no es válido.
Línea 208: el nombre de la propiedad _extenty de saldocompro no es válido.
Línea 211: el nombre de la propiedad format de saldocompro no es válido.
Línea 212: el nombre de la propiedad seltext de saldocompro no es válido.
Línea 213: el nombre de la propiedad locked de saldocompro no es válido.
Línea 214: el nombre de la propiedad alignment de saldocompro no es válido.
Línea 200: no se pudo establecer la propiedad MouseIcon de saldocompro.
Línea 200: no se pudo establecer la propiedad Font de saldocompro.
Línea 2393: el nombre de la propiedad _extentx de saldocompro no es válido.
Línea 2394: el nombre de la propiedad _extenty de saldocompro no es válido.
Línea 2397: el nombre de la propiedad format de saldocompro no es válido.
Línea 2398: el nombre de la propiedad seltext de saldocompro no es válido.
Línea 2399: el nombre de la propiedad alignment de saldocompro no es válido.
Línea 2386: no se pudo establecer la propiedad MouseIcon de saldocompro.
Línea 2386: no se pudo establecer la propiedad Font de saldocompro.
Línea 2408: el nombre de la propiedad _extentx de saldocompro no es válido.
Línea 2409: el nombre de la propiedad _extenty de saldocompro no es válido.
Línea 2412: el nombre de la propiedad format de saldocompro no es válido.
Línea 2413: el nombre de la propiedad seltext de saldocompro no es válido.
Línea 2414: el nombre de la propiedad alignment de saldocompro no es válido.
Línea 2401: no se pudo establecer la propiedad MouseIcon de saldocompro.
Línea 2401: no se pudo establecer la propiedad Font de saldocompro.
Línea 2423: el nombre de la propiedad _extentx de saldocompro no es válido.
Línea 2424: el nombre de la propiedad _extenty de saldocompro no es válido.
Línea 2427: el nombre de la propiedad format de saldocompro no es válido.
Línea 2428: el nombre de la propiedad seltext de saldocompro no es válido.
Línea 2429: el nombre de la propiedad alignment de saldocompro no es válido.
Línea 2416: no se pudo establecer la propiedad MouseIcon de saldocompro.
Línea 2416: no se pudo establecer la propiedad Font de saldocompro.
Línea 2438: el nombre de la propiedad _extentx de saldocompro no es válido.
Línea 2439: el nombre de la propiedad _extenty de saldocompro no es válido.
Línea 2442: el nombre de la propiedad format de saldocompro no es válido.
Línea 2443: el nombre de la propiedad seltext de saldocompro no es válido.
Línea 2444: el nombre de la propiedad alignment de saldocompro no es válido.
Línea 2431: no se pudo establecer la propiedad MouseIcon de saldocompro.
Línea 2431: no se pudo establecer la propiedad Font de saldocompro.
Línea 2453: el nombre de la propiedad _extentx de saldocompro no es válido.
Línea 2454: el nombre de la propiedad _extenty de saldocompro no es válido.
Línea 2457: el nombre de la propiedad format de saldocompro no es válido.
Línea 2458: el nombre de la propiedad seltext de saldocompro no es válido.
Línea 2459: el nombre de la propiedad alignment de saldocompro no es válido.
Línea 2446: no se pudo establecer la propiedad MouseIcon de saldocompro.
Línea 2446: no se pudo establecer la propiedad Font de saldocompro.
Línea 2468: el nombre de la propiedad _extentx de saldocompro no es válido.
Línea 2469: el nombre de la propiedad _extenty de saldocompro no es válido.
Línea 2472: el nombre de la propiedad format de saldocompro no es válido.
Línea 2473: el nombre de la propiedad seltext de saldocompro no es válido.
Línea 2474: el nombre de la propiedad alignment de saldocompro no es válido.
Línea 2461: no se pudo establecer la propiedad MouseIcon de saldocompro.
Línea 2461: no se pudo establecer la propiedad Font de saldocompro.
Línea 2483: el nombre de la propiedad _extentx de saldocompro no es válido.
Línea 2484: el nombre de la propiedad _extenty de saldocompro no es válido.
Línea 2487: el nombre de la propiedad format de saldocompro no es válido.
Línea 2488: el nombre de la propiedad seltext de saldocompro no es válido.
Línea 2489: el nombre de la propiedad alignment de saldocompro no es válido.
Línea 2476: no se pudo establecer la propiedad MouseIcon de saldocompro.
Línea 2476: no se pudo establecer la propiedad Font de saldocompro.
Línea 2553: el nombre de la propiedad _extentx de saldolista no es válido.
Línea 2554: el nombre de la propiedad _extenty de saldolista no es válido.
Línea 2557: el nombre de la propiedad format de saldolista no es válido.
Línea 2558: el nombre de la propiedad seltext de saldolista no es válido.
Línea 2559: el nombre de la propiedad alignment de saldolista no es válido.
Línea 2547: no se pudo establecer la propiedad MouseIcon de saldolista.
Línea 2547: no se pudo establecer la propiedad Font de saldolista.
Línea 2567: el nombre de la propiedad _extentx de totalorden no es válido.
Línea 2568: el nombre de la propiedad _extenty de totalorden no es válido.
Línea 2571: el nombre de la propiedad format de totalorden no es válido.
Línea 2572: el nombre de la propiedad seltext de totalorden no es válido.
Línea 2573: el nombre de la propiedad alignment de totalorden no es válido.
Línea 2561: no se pudo establecer la propiedad MouseIcon de totalorden.
Línea 2561: no se pudo establecer la propiedad Font de totalorden.
