Línea 464: la clase Project1.jeffMaskedEdit del control saldocompro no era una clase de control cargada.
Línea 480: la clase Project1.jeffMaskedEdit del control saldocompro no era una clase de control cargada.
Línea 495: la clase Project1.jeffMaskedEdit del control saldocompro no era una clase de control cargada.
Línea 510: la clase Project1.jeffMaskedEdit del control saldocompro no era una clase de control cargada.
Línea 525: la clase Project1.jeffMaskedEdit del control saldocompro no era una clase de control cargada.
Línea 540: la clase Project1.jeffMaskedEdit del control saldocompro no era una clase de control cargada.
Línea 555: la clase Project1.jeffMaskedEdit del control saldocompro no era una clase de control cargada.
Línea 570: la clase Project1.jeffMaskedEdit del control saldocompro no era una clase de control cargada.
Línea 947: la clase Project1.jeffMaskedEdit del control montonc no era una clase de control cargada.
Línea 3051: la clase Project1.jeffMaskedEdit del control impfactura no era una clase de control cargada.
Línea 3065: la clase Project1.jeffMaskedEdit del control saldolista no era una clase de control cargada.
Línea 3079: la clase Project1.jeffMaskedEdit del control totalorden no era una clase de control cargada.
Línea 471: el nombre de la propiedad _extentx de saldocompro no es válido.
Línea 472: el nombre de la propiedad _extenty de saldocompro no es válido.
Línea 475: el nombre de la propiedad format de saldocompro no es válido.
Línea 476: el nombre de la propiedad seltext de saldocompro no es válido.
Línea 477: el nombre de la propiedad locked de saldocompro no es válido.
Línea 478: el nombre de la propiedad alignment de saldocompro no es válido.
Línea 464: no se pudo establecer la propiedad MouseIcon de saldocompro.
Línea 464: no se pudo establecer la propiedad Font de saldocompro.
Línea 487: el nombre de la propiedad _extentx de saldocompro no es válido.
Línea 488: el nombre de la propiedad _extenty de saldocompro no es válido.
Línea 491: el nombre de la propiedad format de saldocompro no es válido.
Línea 492: el nombre de la propiedad seltext de saldocompro no es válido.
Línea 493: el nombre de la propiedad alignment de saldocompro no es válido.
Línea 480: no se pudo establecer la propiedad MouseIcon de saldocompro.
Línea 480: no se pudo establecer la propiedad Font de saldocompro.
Línea 502: el nombre de la propiedad _extentx de saldocompro no es válido.
Línea 503: el nombre de la propiedad _extenty de saldocompro no es válido.
Línea 506: el nombre de la propiedad format de saldocompro no es válido.
Línea 507: el nombre de la propiedad seltext de saldocompro no es válido.
Línea 508: el nombre de la propiedad alignment de saldocompro no es válido.
Línea 495: no se pudo establecer la propiedad MouseIcon de saldocompro.
Línea 495: no se pudo establecer la propiedad Font de saldocompro.
Línea 517: el nombre de la propiedad _extentx de saldocompro no es válido.
Línea 518: el nombre de la propiedad _extenty de saldocompro no es válido.
Línea 521: el nombre de la propiedad format de saldocompro no es válido.
Línea 522: el nombre de la propiedad seltext de saldocompro no es válido.
Línea 523: el nombre de la propiedad alignment de saldocompro no es válido.
Línea 510: no se pudo establecer la propiedad MouseIcon de saldocompro.
Línea 510: no se pudo establecer la propiedad Font de saldocompro.
Línea 532: el nombre de la propiedad _extentx de saldocompro no es válido.
Línea 533: el nombre de la propiedad _extenty de saldocompro no es válido.
Línea 536: el nombre de la propiedad format de saldocompro no es válido.
Línea 537: el nombre de la propiedad seltext de saldocompro no es válido.
Línea 538: el nombre de la propiedad alignment de saldocompro no es válido.
Línea 525: no se pudo establecer la propiedad MouseIcon de saldocompro.
Línea 525: no se pudo establecer la propiedad Font de saldocompro.
Línea 547: el nombre de la propiedad _extentx de saldocompro no es válido.
Línea 548: el nombre de la propiedad _extenty de saldocompro no es válido.
Línea 551: el nombre de la propiedad format de saldocompro no es válido.
Línea 552: el nombre de la propiedad seltext de saldocompro no es válido.
Línea 553: el nombre de la propiedad alignment de saldocompro no es válido.
Línea 540: no se pudo establecer la propiedad MouseIcon de saldocompro.
Línea 540: no se pudo establecer la propiedad Font de saldocompro.
Línea 562: el nombre de la propiedad _extentx de saldocompro no es válido.
Línea 563: el nombre de la propiedad _extenty de saldocompro no es válido.
Línea 566: el nombre de la propiedad format de saldocompro no es válido.
Línea 567: el nombre de la propiedad seltext de saldocompro no es válido.
Línea 568: el nombre de la propiedad alignment de saldocompro no es válido.
Línea 555: no se pudo establecer la propiedad MouseIcon de saldocompro.
Línea 555: no se pudo establecer la propiedad Font de saldocompro.
Línea 577: el nombre de la propiedad _extentx de saldocompro no es válido.
Línea 578: el nombre de la propiedad _extenty de saldocompro no es válido.
Línea 581: el nombre de la propiedad format de saldocompro no es válido.
Línea 582: el nombre de la propiedad seltext de saldocompro no es válido.
Línea 583: el nombre de la propiedad alignment de saldocompro no es válido.
Línea 570: no se pudo establecer la propiedad MouseIcon de saldocompro.
Línea 570: no se pudo establecer la propiedad Font de saldocompro.
Línea 953: el nombre de la propiedad _extentx de montonc no es válido.
Línea 954: el nombre de la propiedad _extenty de montonc no es válido.
Línea 957: el nombre de la propiedad format de montonc no es válido.
Línea 958: el nombre de la propiedad seltext de montonc no es válido.
Línea 959: el nombre de la propiedad alignment de montonc no es válido.
Línea 947: no se pudo establecer la propiedad MouseIcon de montonc.
Línea 947: no se pudo establecer la propiedad Font de montonc.
Línea 3057: el nombre de la propiedad _extentx de impfactura no es válido.
Línea 3058: el nombre de la propiedad _extenty de impfactura no es válido.
Línea 3061: el nombre de la propiedad format de impfactura no es válido.
Línea 3062: el nombre de la propiedad seltext de impfactura no es válido.
Línea 3063: el nombre de la propiedad alignment de impfactura no es válido.
Línea 3051: no se pudo establecer la propiedad MouseIcon de impfactura.
Línea 3051: no se pudo establecer la propiedad Font de impfactura.
Línea 3071: el nombre de la propiedad _extentx de saldolista no es válido.
Línea 3072: el nombre de la propiedad _extenty de saldolista no es válido.
Línea 3075: el nombre de la propiedad format de saldolista no es válido.
Línea 3076: el nombre de la propiedad seltext de saldolista no es válido.
Línea 3077: el nombre de la propiedad alignment de saldolista no es válido.
Línea 3065: no se pudo establecer la propiedad MouseIcon de saldolista.
Línea 3065: no se pudo establecer la propiedad Font de saldolista.
Línea 3085: el nombre de la propiedad _extentx de totalorden no es válido.
Línea 3086: el nombre de la propiedad _extenty de totalorden no es válido.
Línea 3089: el nombre de la propiedad format de totalorden no es válido.
Línea 3090: el nombre de la propiedad seltext de totalorden no es válido.
Línea 3091: el nombre de la propiedad alignment de totalorden no es válido.
Línea 3079: no se pudo establecer la propiedad MouseIcon de totalorden.
Línea 3079: no se pudo establecer la propiedad Font de totalorden.
