Línea 2006: la clase Project1.jeffMaskedEdit del control Text8 no era una clase de control cargada.
Línea 2022: la clase Project1.jeffMaskedEdit del control Text8 no era una clase de control cargada.
Línea 2038: la clase Project1.jeffMaskedEdit del control Text8 no era una clase de control cargada.
Línea 2054: la clase Project1.jeffMaskedEdit del control Text8 no era una clase de control cargada.
Línea 2070: la clase Project1.jeffMaskedEdit del control Text8 no era una clase de control cargada.
Línea 2086: la clase Project1.jeffMaskedEdit del control Text8 no era una clase de control cargada.
Línea 2014: el nombre de la propiedad _extentx de Text8 no es válido.
Línea 2015: el nombre de la propiedad _extenty de Text8 no es válido.
Línea 2018: el nombre de la propiedad format de Text8 no es válido.
Línea 2019: el nombre de la propiedad seltext de Text8 no es válido.
Línea 2020: el nombre de la propiedad alignment de Text8 no es válido.
Línea 2006: no se pudo establecer la propiedad MouseIcon de Text8.
Línea 2006: no se pudo establecer la propiedad Font de Text8.
Línea 2030: el nombre de la propiedad _extentx de Text8 no es válido.
Línea 2031: el nombre de la propiedad _extenty de Text8 no es válido.
Línea 2034: el nombre de la propiedad format de Text8 no es válido.
Línea 2035: el nombre de la propiedad seltext de Text8 no es válido.
Línea 2036: el nombre de la propiedad alignment de Text8 no es válido.
Línea 2022: no se pudo establecer la propiedad MouseIcon de Text8.
Línea 2022: no se pudo establecer la propiedad Font de Text8.
Línea 2046: el nombre de la propiedad _extentx de Text8 no es válido.
Línea 2047: el nombre de la propiedad _extenty de Text8 no es válido.
Línea 2050: el nombre de la propiedad format de Text8 no es válido.
Línea 2051: el nombre de la propiedad seltext de Text8 no es válido.
Línea 2052: el nombre de la propiedad alignment de Text8 no es válido.
Línea 2038: no se pudo establecer la propiedad MouseIcon de Text8.
Línea 2038: no se pudo establecer la propiedad Font de Text8.
Línea 2062: el nombre de la propiedad _extentx de Text8 no es válido.
Línea 2063: el nombre de la propiedad _extenty de Text8 no es válido.
Línea 2066: el nombre de la propiedad format de Text8 no es válido.
Línea 2067: el nombre de la propiedad seltext de Text8 no es válido.
Línea 2068: el nombre de la propiedad alignment de Text8 no es válido.
Línea 2054: no se pudo establecer la propiedad MouseIcon de Text8.
Línea 2054: no se pudo establecer la propiedad Font de Text8.
Línea 2078: el nombre de la propiedad _extentx de Text8 no es válido.
Línea 2079: el nombre de la propiedad _extenty de Text8 no es válido.
Línea 2082: el nombre de la propiedad format de Text8 no es válido.
Línea 2083: el nombre de la propiedad seltext de Text8 no es válido.
Línea 2084: el nombre de la propiedad alignment de Text8 no es válido.
Línea 2070: no se pudo establecer la propiedad MouseIcon de Text8.
Línea 2070: no se pudo establecer la propiedad Font de Text8.
Línea 2094: el nombre de la propiedad _extentx de Text8 no es válido.
Línea 2095: el nombre de la propiedad _extenty de Text8 no es válido.
Línea 2098: el nombre de la propiedad format de Text8 no es válido.
Línea 2099: el nombre de la propiedad seltext de Text8 no es válido.
Línea 2100: el nombre de la propiedad alignment de Text8 no es válido.
Línea 2086: no se pudo establecer la propiedad MouseIcon de Text8.
Línea 2086: no se pudo establecer la propiedad Font de Text8.
